#
# There is insufficient memory for the Java Runtime Environment to continue.
# Native memory allocation (malloc) failed to allocate 408576 bytes. Error detail: Chunk::new
# Possible reasons:
#   The system is out of physical RAM or swap space
#   This process is running with CompressedOops enabled, and the Java Heap may be blocking the growth of the native heap
# Possible solutions:
#   Reduce memory load on the system
#   Increase physical memory or swap space
#   Check if swap backing store is full
#   Decrease Java heap size (-Xmx/-Xms)
#   Decrease number of Java threads
#   Decrease Java thread stack sizes (-Xss)
#   Set larger code cache with -XX:ReservedCodeCacheSize=
#   JVM is running with Unscaled Compressed Oops mode in which the Java heap is
#     placed in the first 4GB address space. The Java Heap base address is the
#     maximum limit for the native heap growth. Please use -XX:HeapBaseMinAddress
#     to set the Java Heap base and to place the Java Heap above 4GB virtual address.
# This output file may be truncated or incomplete.
#
#  Out of Memory Error (arena.cpp:168), pid=9088, tid=12840
#
# JRE version: OpenJDK Runtime Environment Temurin-21.0.6+7 (21.0.6+7) (build 21.0.6+7-LTS)
# Java VM: OpenJDK 64-Bit Server VM Temurin-21.0.6+7 (21.0.6+7-LTS, mixed mode, sharing, tiered, compressed oops, compressed class ptrs, parallel gc, windows-amd64)
# No core dump will be written. Minidumps are not enabled by default on client versions of Windows
#

---------------  S U M M A R Y ------------

Command Line: --add-modules=ALL-SYSTEM --add-opens=java.base/java.util=ALL-UNNAMED --add-opens=java.base/java.lang=ALL-UNNAMED --add-opens=java.base/sun.nio.fs=ALL-UNNAMED -Declipse.application=org.eclipse.jdt.ls.core.id1 -Dosgi.bundles.defaultStartLevel=4 -Declipse.product=org.eclipse.jdt.ls.core.product -Djava.import.generatesMetadataFilesAtProjectRoot=false -DDetectVMInstallationsJob.disabled=true -Dfile.encoding=utf8 -XX:+UseParallelGC -XX:GCTimeRatio=4 -XX:AdaptiveSizePolicyWeight=90 -Dsun.zip.disableMemoryMapping=true -Xmx1G -Xms100m -Xlog:disable -javaagent:c:\Users\abdra\.vscode\extensions\redhat.java-1.41.1-win32-x64\lombok\lombok-1.18.36.jar c:\Users\abdra\.vscode\extensions\redhat.java-1.41.1-win32-x64\server\plugins\org.eclipse.equinox.launcher_1.7.0.v20250331-1702.jar -configuration c:\Users\abdra\AppData\Roaming\Code\User\globalStorage\redhat.java\1.41.1\config_ss_win -data c:\Users\abdra\AppData\Roaming\Code\User\workspaceStorage\fbae156283cfc20593ebfa85e2b12815\redhat.java\ss_ws --pipe=\\.\pipe\lsp-458d2805caac5132f030e2afe8e66fd8-sock

Host: Intel(R) Core(TM) i5-8265U CPU @ 1.60GHz, 8 cores, 7G,  Windows 11 , 64 bit Build 26100 (10.0.26100.3775)
Time: Thu May  1 16:48:53 2025 Afr. centrale Ouest elapsed time: 8.800449 seconds (0d 0h 0m 8s)

---------------  T H R E A D  ---------------

Current thread (0x0000023873f26860):  JavaThread "C2 CompilerThread1" daemon [_thread_in_native, id=12840, stack(0x000000ffdc000000,0x000000ffdc100000) (1024K)]


Current CompileTask:
C2:8800 2952       4       lombok.patcher.PatchScript$MethodPatcher::visitMethod (158 bytes)

Stack: [0x000000ffdc000000,0x000000ffdc100000]
Native frames: (J=compiled Java code, j=interpreted, Vv=VM code, C=native code)
V  [jvm.dll+0x6cdee9]
V  [jvm.dll+0x8a83d1]
V  [jvm.dll+0x8aa8fe]
V  [jvm.dll+0x8aafe3]
V  [jvm.dll+0x27f706]
V  [jvm.dll+0xc500d]
V  [jvm.dll+0xc5543]
V  [jvm.dll+0x2f2acd]
V  [jvm.dll+0x5f6a2a]
V  [jvm.dll+0x250bb2]
V  [jvm.dll+0x250f6f]
V  [jvm.dll+0x249834]
V  [jvm.dll+0x246ec4]
V  [jvm.dll+0x1c75ee]
V  [jvm.dll+0x25685a]
V  [jvm.dll+0x254dfa]
V  [jvm.dll+0x3f0256]
V  [jvm.dll+0x851f8b]
V  [jvm.dll+0x6cc5ed]
C  [ucrtbase.dll+0x37b0]
C  [KERNEL32.DLL+0x2e8d7]
C  [ntdll.dll+0xb14fc]


---------------  P R O C E S S  ---------------

Threads class SMR info:
_java_thread_list=0x000002387441a080, length=21, elements={
0x0000023817cbb880, 0x000002386d1bce20, 0x000002386d1bf800, 0x000002386d1c3750,
0x000002386d1c4750, 0x000002386d1c9720, 0x000002386d1cea10, 0x000002386d1e22b0,
0x000002386d1e2a00, 0x000002386d1cdcf0, 0x000002386d1ce380, 0x000002386d1d1170,
0x000002386d1cf0a0, 0x000002386d1cf730, 0x000002386d1cfdc0, 0x000002386d1d0450,
0x000002386d1d0ae0, 0x0000023873c6e3f0, 0x0000023873c6c9b0, 0x0000023873c6d6d0,
0x0000023873f26860
}

Java Threads: ( => current thread )
  0x0000023817cbb880 JavaThread "main"                              [_thread_blocked, id=13084, stack(0x000000ffda200000,0x000000ffda300000) (1024K)]
  0x000002386d1bce20 JavaThread "Reference Handler"          daemon [_thread_blocked, id=3984, stack(0x000000ffda600000,0x000000ffda700000) (1024K)]
  0x000002386d1bf800 JavaThread "Finalizer"                  daemon [_thread_blocked, id=2068, stack(0x000000ffda700000,0x000000ffda800000) (1024K)]
  0x000002386d1c3750 JavaThread "Signal Dispatcher"          daemon [_thread_blocked, id=4268, stack(0x000000ffda800000,0x000000ffda900000) (1024K)]
  0x000002386d1c4750 JavaThread "Attach Listener"            daemon [_thread_blocked, id=11936, stack(0x000000ffda900000,0x000000ffdaa00000) (1024K)]
  0x000002386d1c9720 JavaThread "Service Thread"             daemon [_thread_blocked, id=2648, stack(0x000000ffdaa00000,0x000000ffdab00000) (1024K)]
  0x000002386d1cea10 JavaThread "Monitor Deflation Thread"   daemon [_thread_blocked, id=15652, stack(0x000000ffdab00000,0x000000ffdac00000) (1024K)]
  0x000002386d1e22b0 JavaThread "C2 CompilerThread0"         daemon [_thread_in_native, id=15416, stack(0x000000ffdac00000,0x000000ffdad00000) (1024K)]
  0x000002386d1e2a00 JavaThread "C1 CompilerThread0"         daemon [_thread_in_native, id=11824, stack(0x000000ffdad00000,0x000000ffdae00000) (1024K)]
  0x000002386d1cdcf0 JavaThread "Common-Cleaner"             daemon [_thread_blocked, id=15528, stack(0x000000ffdae00000,0x000000ffdaf00000) (1024K)]
  0x000002386d1ce380 JavaThread "Notification Thread"        daemon [_thread_blocked, id=1428, stack(0x000000ffdb000000,0x000000ffdb100000) (1024K)]
  0x000002386d1d1170 JavaThread "Active Thread: Equinox Container: c50bc774-d890-4342-8b86-2841f686a9b4"        [_thread_blocked, id=4200, stack(0x000000ffdb800000,0x000000ffdb900000) (1024K)]
  0x000002386d1cf0a0 JavaThread "Framework Event Dispatcher: Equinox Container: c50bc774-d890-4342-8b86-2841f686a9b4" daemon [_thread_blocked, id=15832, stack(0x000000ffdb900000,0x000000ffdba00000) (1024K)]
  0x000002386d1cf730 JavaThread "Start Level: Equinox Container: c50bc774-d890-4342-8b86-2841f686a9b4" daemon [_thread_in_native, id=4172, stack(0x000000ffdba00000,0x000000ffdbb00000) (1024K)]
  0x000002386d1cfdc0 JavaThread "SCR Component Actor"        daemon [_thread_blocked, id=16336, stack(0x000000ffdbb00000,0x000000ffdbc00000) (1024K)]
  0x000002386d1d0450 JavaThread "SCR Component Registry"     daemon [_thread_blocked, id=14992, stack(0x000000ffdb700000,0x000000ffdb800000) (1024K)]
  0x000002386d1d0ae0 JavaThread "Worker-JM"                         [_thread_blocked, id=15100, stack(0x000000ffdbd00000,0x000000ffdbe00000) (1024K)]
  0x0000023873c6e3f0 JavaThread "JNA Cleaner"                daemon [_thread_blocked, id=13324, stack(0x000000ffdb600000,0x000000ffdb700000) (1024K)]
  0x0000023873c6c9b0 JavaThread "Worker-0"                          [_thread_blocked, id=13544, stack(0x000000ffdbe00000,0x000000ffdbf00000) (1024K)]
  0x0000023873c6d6d0 JavaThread "Worker-1"                          [_thread_blocked, id=14008, stack(0x000000ffdbf00000,0x000000ffdc000000) (1024K)]
=>0x0000023873f26860 JavaThread "C2 CompilerThread1"         daemon [_thread_in_native, id=12840, stack(0x000000ffdc000000,0x000000ffdc100000) (1024K)]
Total: 21

Other Threads:
  0x000002386d1a24a0 VMThread "VM Thread"                           [id=13120, stack(0x000000ffda500000,0x000000ffda600000) (1024K)]
  0x000002386d0dca00 WatcherThread "VM Periodic Task Thread"        [id=11312, stack(0x000000ffda400000,0x000000ffda500000) (1024K)]
  0x0000023817cd9cb0 WorkerThread "GC Thread#0"                     [id=8648, stack(0x000000ffda300000,0x000000ffda400000) (1024K)]
  0x000002387399f270 WorkerThread "GC Thread#1"                     [id=11744, stack(0x000000ffdaf00000,0x000000ffdb000000) (1024K)]
  0x00000238733d6a40 WorkerThread "GC Thread#2"                     [id=12332, stack(0x000000ffdb100000,0x000000ffdb200000) (1024K)]
  0x000002386ec56850 WorkerThread "GC Thread#3"                     [id=10472, stack(0x000000ffdb200000,0x000000ffdb300000) (1024K)]
  0x000002387304e830 WorkerThread "GC Thread#4"                     [id=9332, stack(0x000000ffdb300000,0x000000ffdb400000) (1024K)]
  0x000002387304ebd0 WorkerThread "GC Thread#5"                     [id=14020, stack(0x000000ffdb400000,0x000000ffdb500000) (1024K)]
  0x00000238731a12c0 WorkerThread "GC Thread#6"                     [id=7000, stack(0x000000ffdb500000,0x000000ffdb600000) (1024K)]
  0x0000023873bc9260 WorkerThread "GC Thread#7"                     [id=8860, stack(0x000000ffdbc00000,0x000000ffdbd00000) (1024K)]
Total: 10

Threads with active compile tasks:
C2 CompilerThread0  8831 2947       4       org.lombokweb.asm.ClassReader::readMethod (1070 bytes)
C2 CompilerThread1  8831 2952       4       lombok.patcher.PatchScript$MethodPatcher::visitMethod (158 bytes)
Total: 2

VM state: not at safepoint (normal execution)

VM Mutex/Monitor currently owned by a thread: None

Heap address: 0x00000000c0000000, size: 1024 MB, Compressed Oops mode: 32-bit

CDS archive(s) mapped at: [0x000002382c000000-0x000002382cba0000-0x000002382cba0000), size 12189696, SharedBaseAddress: 0x000002382c000000, ArchiveRelocationMode: 1.
Compressed class space mapped at: 0x000002382d000000-0x000002386d000000, reserved size: 1073741824
Narrow klass base: 0x000002382c000000, Narrow klass shift: 0, Narrow klass range: 0x100000000

GC Precious Log:
 CardTable entry size: 512
 CPUs: 8 total, 8 available
 Memory: 7999M
 Large Page Support: Disabled
 NUMA Support: Disabled
 Compressed Oops: Enabled (32-bit)
 Alignments: Space 512K, Generation 512K, Heap 2M
 Heap Min Capacity: 100M
 Heap Initial Capacity: 100M
 Heap Max Capacity: 1G
 Pre-touch: Disabled
 Parallel Workers: 8

Heap:
 PSYoungGen      total 29696K, used 21049K [0x00000000eab00000, 0x00000000ecd00000, 0x0000000100000000)
  eden space 25088K, 83% used [0x00000000eab00000,0x00000000ebf8e598,0x00000000ec380000)
  from space 4608K, 0% used [0x00000000ec880000,0x00000000ec880000,0x00000000ecd00000)
  to   space 4608K, 0% used [0x00000000ec400000,0x00000000ec400000,0x00000000ec880000)
 ParOldGen       total 68608K, used 10001K [0x00000000c0000000, 0x00000000c4300000, 0x00000000eab00000)
  object space 68608K, 14% used [0x00000000c0000000,0x00000000c09c45b0,0x00000000c4300000)
 Metaspace       used 22216K, committed 22848K, reserved 1114112K
  class space    used 2043K, committed 2304K, reserved 1048576K

Card table byte_map: [0x0000023817660000,0x0000023817870000] _byte_map_base: 0x0000023817060000

Marking Bits: (ParMarkBitMap*) 0x00007ffca25b3260
 Begin Bits: [0x0000023829eb0000, 0x000002382aeb0000)
 End Bits:   [0x000002382aeb0000, 0x000002382beb0000)

Polling page: 0x0000023815a20000

Metaspace:

Usage:
  Non-class:     19.70 MB used.
      Class:      2.00 MB used.
       Both:     21.70 MB used.

Virtual space:
  Non-class space:       64.00 MB reserved,      20.06 MB ( 31%) committed,  1 nodes.
      Class space:        1.00 GB reserved,       2.25 MB ( <1%) committed,  1 nodes.
             Both:        1.06 GB reserved,      22.31 MB (  2%) committed. 

Chunk freelists:
   Non-Class:  11.52 MB
       Class:  13.79 MB
        Both:  25.30 MB

MaxMetaspaceSize: unlimited
CompressedClassSpaceSize: 1.00 GB
Initial GC threshold: 21.00 MB
Current GC threshold: 35.00 MB
CDS: on
 - commit_granule_bytes: 65536.
 - commit_granule_words: 8192.
 - virtual_space_node_default_size: 8388608.
 - enlarge_chunks_in_place: 1.
 - use_allocation_guard: 0.


Internal statistics:

num_allocs_failed_limit: 3.
num_arena_births: 498.
num_arena_deaths: 14.
num_vsnodes_births: 2.
num_vsnodes_deaths: 0.
num_space_committed: 357.
num_space_uncommitted: 0.
num_chunks_returned_to_freelist: 17.
num_chunks_taken_from_freelist: 1317.
num_chunk_merges: 9.
num_chunk_splits: 884.
num_chunks_enlarged: 581.
num_inconsistent_stats: 0.

CodeHeap 'non-profiled nmethods': size=120000Kb used=1213Kb max_used=1213Kb free=118786Kb
 bounds [0x0000023822980000, 0x0000023822bf0000, 0x0000023829eb0000]
CodeHeap 'profiled nmethods': size=120000Kb used=6251Kb max_used=6251Kb free=113748Kb
 bounds [0x000002381aeb0000, 0x000002381b4d0000, 0x00000238223e0000]
CodeHeap 'non-nmethods': size=5760Kb used=1314Kb max_used=1327Kb free=4445Kb
 bounds [0x00000238223e0000, 0x0000023822650000, 0x0000023822980000]
 total_blobs=3604 nmethods=3003 adapters=507
 compilation: enabled
              stopped_count=0, restarted_count=0
 full_count=0

Compilation events (20 events):
Event: 8.746 Thread 0x000002386d1e2a00 3000       3       org.lombokweb.asm.MethodVisitor::visitFrame (22 bytes)
Event: 8.746 Thread 0x000002386d1e2a00 nmethod 3000 0x000002381b4be690 code [0x000002381b4be840, 0x000002381b4bea48]
Event: 8.748 Thread 0x000002386d1e2a00 3001       2       java.util.regex.Matcher::search (154 bytes)
Event: 8.749 Thread 0x000002386d1e2a00 nmethod 3001 0x000002381b4beb10 code [0x000002381b4bece0, 0x000002381b4beff0]
Event: 8.749 Thread 0x000002386d1e2a00 3002       3       org.lombokweb.asm.MethodWriter::visitTypeInsn (116 bytes)
Event: 8.750 Thread 0x000002386d1e2a00 nmethod 3002 0x000002381b4bf210 code [0x000002381b4bf400, 0x000002381b4bf868]
Event: 8.752 Thread 0x000002386d1e2a00 3003       3       org.lombokweb.asm.MethodVisitor::visitLocalVariable (24 bytes)
Event: 8.752 Thread 0x000002386d1e2a00 nmethod 3003 0x000002381b4bfa90 code [0x000002381b4bfc40, 0x000002381b4bfe50]
Event: 8.754 Thread 0x000002386d1e2a00 3004       3       org.lombokweb.asm.MethodWriter::endCurrentBasicBlockWithNoSuccessor (98 bytes)
Event: 8.755 Thread 0x000002386d1e2a00 nmethod 3004 0x000002381b4bff10 code [0x000002381b4c0100, 0x000002381b4c05c8]
Event: 8.755 Thread 0x000002386d1e2a00 3005       3       org.lombokweb.asm.MethodVisitor::visitTypeInsn (17 bytes)
Event: 8.755 Thread 0x000002386d1e2a00 nmethod 3005 0x000002381b4c0790 code [0x000002381b4c0940, 0x000002381b4c0b48]
Event: 8.765 Thread 0x000002386d1e2a00 3006       3       jdk.internal.loader.BuiltinClassLoader$2::run (5 bytes)
Event: 8.765 Thread 0x000002386d1e2a00 nmethod 3006 0x000002381b4c0c10 code [0x000002381b4c0dc0, 0x000002381b4c0f18]
Event: 8.765 Thread 0x000002386d1e2a00 3007   !   3       jdk.internal.loader.BuiltinClassLoader$2::run (114 bytes)
Event: 8.766 Thread 0x000002386d1e2a00 nmethod 3007 0x000002381b4c1010 code [0x000002381b4c12c0, 0x000002381b4c20c0]
Event: 8.789 Thread 0x000002386d1e2a00 3008       3       org.eclipse.osgi.internal.hookregistry.ClassLoaderHook::preFindLocalResource (1 bytes)
Event: 8.789 Thread 0x000002386d1e2a00 nmethod 3008 0x000002381b4c2590 code [0x000002381b4c2720, 0x000002381b4c2828]
Event: 8.789 Thread 0x000002386d1e2a00 3009       3       org.eclipse.osgi.internal.hookregistry.ClassLoaderHook::postFindLocalResource (1 bytes)
Event: 8.789 Thread 0x000002386d1e2a00 nmethod 3009 0x000002381b4c2890 code [0x000002381b4c2a20, 0x000002381b4c2b28]

GC Heap History (14 events):
Event: 1.914 GC heap before
{Heap before GC invocations=1 (full 0):
 PSYoungGen      total 29696K, used 25600K [0x00000000eab00000, 0x00000000ecc00000, 0x0000000100000000)
  eden space 25600K, 100% used [0x00000000eab00000,0x00000000ec400000,0x00000000ec400000)
  from space 4096K, 0% used [0x00000000ec800000,0x00000000ec800000,0x00000000ecc00000)
  to   space 4096K, 0% used [0x00000000ec400000,0x00000000ec400000,0x00000000ec800000)
 ParOldGen       total 68608K, used 0K [0x00000000c0000000, 0x00000000c4300000, 0x00000000eab00000)
  object space 68608K, 0% used [0x00000000c0000000,0x00000000c0000000,0x00000000c4300000)
 Metaspace       used 4328K, committed 4480K, reserved 1114112K
  class space    used 437K, committed 512K, reserved 1048576K
}
Event: 1.929 GC heap after
{Heap after GC invocations=1 (full 0):
 PSYoungGen      total 29696K, used 3222K [0x00000000eab00000, 0x00000000ecc00000, 0x0000000100000000)
  eden space 25600K, 0% used [0x00000000eab00000,0x00000000eab00000,0x00000000ec400000)
  from space 4096K, 78% used [0x00000000ec400000,0x00000000ec725800,0x00000000ec800000)
  to   space 4096K, 0% used [0x00000000ec800000,0x00000000ec800000,0x00000000ecc00000)
 ParOldGen       total 68608K, used 16K [0x00000000c0000000, 0x00000000c4300000, 0x00000000eab00000)
  object space 68608K, 0% used [0x00000000c0000000,0x00000000c0004000,0x00000000c4300000)
 Metaspace       used 4328K, committed 4480K, reserved 1114112K
  class space    used 437K, committed 512K, reserved 1048576K
}
Event: 3.572 GC heap before
{Heap before GC invocations=2 (full 0):
 PSYoungGen      total 29696K, used 28822K [0x00000000eab00000, 0x00000000ecc00000, 0x0000000100000000)
  eden space 25600K, 100% used [0x00000000eab00000,0x00000000ec400000,0x00000000ec400000)
  from space 4096K, 78% used [0x00000000ec400000,0x00000000ec725800,0x00000000ec800000)
  to   space 4096K, 0% used [0x00000000ec800000,0x00000000ec800000,0x00000000ecc00000)
 ParOldGen       total 68608K, used 16K [0x00000000c0000000, 0x00000000c4300000, 0x00000000eab00000)
  object space 68608K, 0% used [0x00000000c0000000,0x00000000c0004000,0x00000000c4300000)
 Metaspace       used 8200K, committed 8512K, reserved 1114112K
  class space    used 814K, committed 960K, reserved 1048576K
}
Event: 3.580 GC heap after
{Heap after GC invocations=2 (full 0):
 PSYoungGen      total 29696K, used 4074K [0x00000000eab00000, 0x00000000ecc00000, 0x0000000100000000)
  eden space 25600K, 0% used [0x00000000eab00000,0x00000000eab00000,0x00000000ec400000)
  from space 4096K, 99% used [0x00000000ec800000,0x00000000ecbfa948,0x00000000ecc00000)
  to   space 4096K, 0% used [0x00000000ec400000,0x00000000ec400000,0x00000000ec800000)
 ParOldGen       total 68608K, used 861K [0x00000000c0000000, 0x00000000c4300000, 0x00000000eab00000)
  object space 68608K, 1% used [0x00000000c0000000,0x00000000c00d76b8,0x00000000c4300000)
 Metaspace       used 8200K, committed 8512K, reserved 1114112K
  class space    used 814K, committed 960K, reserved 1048576K
}
Event: 5.208 GC heap before
{Heap before GC invocations=3 (full 0):
 PSYoungGen      total 29696K, used 29674K [0x00000000eab00000, 0x00000000ecc00000, 0x0000000100000000)
  eden space 25600K, 100% used [0x00000000eab00000,0x00000000ec400000,0x00000000ec400000)
  from space 4096K, 99% used [0x00000000ec800000,0x00000000ecbfa948,0x00000000ecc00000)
  to   space 4096K, 0% used [0x00000000ec400000,0x00000000ec400000,0x00000000ec800000)
 ParOldGen       total 68608K, used 861K [0x00000000c0000000, 0x00000000c4300000, 0x00000000eab00000)
  object space 68608K, 1% used [0x00000000c0000000,0x00000000c00d76b8,0x00000000c4300000)
 Metaspace       used 12086K, committed 12544K, reserved 1114112K
  class space    used 1198K, committed 1408K, reserved 1048576K
}
Event: 5.220 GC heap after
{Heap after GC invocations=3 (full 0):
 PSYoungGen      total 29696K, used 4089K [0x00000000eab00000, 0x00000000ecc00000, 0x0000000100000000)
  eden space 25600K, 0% used [0x00000000eab00000,0x00000000eab00000,0x00000000ec400000)
  from space 4096K, 99% used [0x00000000ec400000,0x00000000ec7fe5b0,0x00000000ec800000)
  to   space 4096K, 0% used [0x00000000ec800000,0x00000000ec800000,0x00000000ecc00000)
 ParOldGen       total 68608K, used 4113K [0x00000000c0000000, 0x00000000c4300000, 0x00000000eab00000)
  object space 68608K, 5% used [0x00000000c0000000,0x00000000c04045d8,0x00000000c4300000)
 Metaspace       used 12086K, committed 12544K, reserved 1114112K
  class space    used 1198K, committed 1408K, reserved 1048576K
}
Event: 7.339 GC heap before
{Heap before GC invocations=4 (full 0):
 PSYoungGen      total 29696K, used 29621K [0x00000000eab00000, 0x00000000ecc00000, 0x0000000100000000)
  eden space 25600K, 99% used [0x00000000eab00000,0x00000000ec3ef090,0x00000000ec400000)
  from space 4096K, 99% used [0x00000000ec400000,0x00000000ec7fe5b0,0x00000000ec800000)
  to   space 4096K, 0% used [0x00000000ec800000,0x00000000ec800000,0x00000000ecc00000)
 ParOldGen       total 68608K, used 4113K [0x00000000c0000000, 0x00000000c4300000, 0x00000000eab00000)
  object space 68608K, 5% used [0x00000000c0000000,0x00000000c04045d8,0x00000000c4300000)
 Metaspace       used 16318K, committed 16960K, reserved 1114112K
  class space    used 1637K, committed 1920K, reserved 1048576K
}
Event: 7.348 GC heap after
{Heap after GC invocations=4 (full 0):
 PSYoungGen      total 29696K, used 4086K [0x00000000eab00000, 0x00000000ecc00000, 0x0000000100000000)
  eden space 25600K, 0% used [0x00000000eab00000,0x00000000eab00000,0x00000000ec400000)
  from space 4096K, 99% used [0x00000000ec800000,0x00000000ecbfd870,0x00000000ecc00000)
  to   space 4096K, 0% used [0x00000000ec400000,0x00000000ec400000,0x00000000ec800000)
 ParOldGen       total 68608K, used 5751K [0x00000000c0000000, 0x00000000c4300000, 0x00000000eab00000)
  object space 68608K, 8% used [0x00000000c0000000,0x00000000c059dd18,0x00000000c4300000)
 Metaspace       used 16318K, committed 16960K, reserved 1114112K
  class space    used 1637K, committed 1920K, reserved 1048576K
}
Event: 7.935 GC heap before
{Heap before GC invocations=5 (full 0):
 PSYoungGen      total 29696K, used 29686K [0x00000000eab00000, 0x00000000ecc00000, 0x0000000100000000)
  eden space 25600K, 100% used [0x00000000eab00000,0x00000000ec400000,0x00000000ec400000)
  from space 4096K, 99% used [0x00000000ec800000,0x00000000ecbfd870,0x00000000ecc00000)
  to   space 4096K, 0% used [0x00000000ec400000,0x00000000ec400000,0x00000000ec800000)
 ParOldGen       total 68608K, used 5751K [0x00000000c0000000, 0x00000000c4300000, 0x00000000eab00000)
  object space 68608K, 8% used [0x00000000c0000000,0x00000000c059dd18,0x00000000c4300000)
 Metaspace       used 19544K, committed 20224K, reserved 1114112K
  class space    used 1841K, committed 2112K, reserved 1048576K
}
Event: 7.943 GC heap after
{Heap after GC invocations=5 (full 0):
 PSYoungGen      total 29184K, used 4092K [0x00000000eab00000, 0x00000000ecd80000, 0x0000000100000000)
  eden space 25088K, 0% used [0x00000000eab00000,0x00000000eab00000,0x00000000ec380000)
  from space 4096K, 99% used [0x00000000ec400000,0x00000000ec7ff2e0,0x00000000ec800000)
  to   space 5120K, 0% used [0x00000000ec880000,0x00000000ec880000,0x00000000ecd80000)
 ParOldGen       total 68608K, used 5963K [0x00000000c0000000, 0x00000000c4300000, 0x00000000eab00000)
  object space 68608K, 8% used [0x00000000c0000000,0x00000000c05d2df0,0x00000000c4300000)
 Metaspace       used 19544K, committed 20224K, reserved 1114112K
  class space    used 1841K, committed 2112K, reserved 1048576K
}
Event: 8.234 GC heap before
{Heap before GC invocations=6 (full 0):
 PSYoungGen      total 29184K, used 14184K [0x00000000eab00000, 0x00000000ecd80000, 0x0000000100000000)
  eden space 25088K, 40% used [0x00000000eab00000,0x00000000eb4db0f0,0x00000000ec380000)
  from space 4096K, 99% used [0x00000000ec400000,0x00000000ec7ff2e0,0x00000000ec800000)
  to   space 5120K, 0% used [0x00000000ec880000,0x00000000ec880000,0x00000000ecd80000)
 ParOldGen       total 68608K, used 5963K [0x00000000c0000000, 0x00000000c4300000, 0x00000000eab00000)
  object space 68608K, 8% used [0x00000000c0000000,0x00000000c05d2df0,0x00000000c4300000)
 Metaspace       used 20937K, committed 21504K, reserved 1114112K
  class space    used 1950K, committed 2176K, reserved 1048576K
}
Event: 8.243 GC heap after
{Heap after GC invocations=6 (full 0):
 PSYoungGen      total 29696K, used 4532K [0x00000000eab00000, 0x00000000ecd00000, 0x0000000100000000)
  eden space 25088K, 0% used [0x00000000eab00000,0x00000000eab00000,0x00000000ec380000)
  from space 4608K, 98% used [0x00000000ec880000,0x00000000ecced228,0x00000000ecd00000)
  to   space 4608K, 0% used [0x00000000ec400000,0x00000000ec400000,0x00000000ec880000)
 ParOldGen       total 68608K, used 5963K [0x00000000c0000000, 0x00000000c4300000, 0x00000000eab00000)
  object space 68608K, 8% used [0x00000000c0000000,0x00000000c05d2df0,0x00000000c4300000)
 Metaspace       used 20937K, committed 21504K, reserved 1114112K
  class space    used 1950K, committed 2176K, reserved 1048576K
}
Event: 8.243 GC heap before
{Heap before GC invocations=7 (full 1):
 PSYoungGen      total 29696K, used 4532K [0x00000000eab00000, 0x00000000ecd00000, 0x0000000100000000)
  eden space 25088K, 0% used [0x00000000eab00000,0x00000000eab00000,0x00000000ec380000)
  from space 4608K, 98% used [0x00000000ec880000,0x00000000ecced228,0x00000000ecd00000)
  to   space 4608K, 0% used [0x00000000ec400000,0x00000000ec400000,0x00000000ec880000)
 ParOldGen       total 68608K, used 5963K [0x00000000c0000000, 0x00000000c4300000, 0x00000000eab00000)
  object space 68608K, 8% used [0x00000000c0000000,0x00000000c05d2df0,0x00000000c4300000)
 Metaspace       used 20937K, committed 21504K, reserved 1114112K
  class space    used 1950K, committed 2176K, reserved 1048576K
}
Event: 8.299 GC heap after
{Heap after GC invocations=7 (full 1):
 PSYoungGen      total 29696K, used 0K [0x00000000eab00000, 0x00000000ecd00000, 0x0000000100000000)
  eden space 25088K, 0% used [0x00000000eab00000,0x00000000eab00000,0x00000000ec380000)
  from space 4608K, 0% used [0x00000000ec880000,0x00000000ec880000,0x00000000ecd00000)
  to   space 4608K, 0% used [0x00000000ec400000,0x00000000ec400000,0x00000000ec880000)
 ParOldGen       total 68608K, used 10001K [0x00000000c0000000, 0x00000000c4300000, 0x00000000eab00000)
  object space 68608K, 14% used [0x00000000c0000000,0x00000000c09c45b0,0x00000000c4300000)
 Metaspace       used 20924K, committed 21504K, reserved 1114112K
  class space    used 1947K, committed 2176K, reserved 1048576K
}

Dll operation events (10 events):
Event: 0.018 Loaded shared library c:\Users\abdra\.vscode\extensions\redhat.java-1.41.1-win32-x64\jre\21.0.6-win32-x86_64\bin\java.dll
Event: 0.162 Loaded shared library c:\Users\abdra\.vscode\extensions\redhat.java-1.41.1-win32-x64\jre\21.0.6-win32-x86_64\bin\zip.dll
Event: 0.218 Loaded shared library C:\Users\abdra\.vscode\extensions\redhat.java-1.41.1-win32-x64\jre\21.0.6-win32-x86_64\bin\instrument.dll
Event: 0.230 Loaded shared library C:\Users\abdra\.vscode\extensions\redhat.java-1.41.1-win32-x64\jre\21.0.6-win32-x86_64\bin\net.dll
Event: 0.236 Loaded shared library C:\Users\abdra\.vscode\extensions\redhat.java-1.41.1-win32-x64\jre\21.0.6-win32-x86_64\bin\nio.dll
Event: 0.243 Loaded shared library C:\Users\abdra\.vscode\extensions\redhat.java-1.41.1-win32-x64\jre\21.0.6-win32-x86_64\bin\zip.dll
Event: 0.274 Loaded shared library C:\Users\abdra\.vscode\extensions\redhat.java-1.41.1-win32-x64\jre\21.0.6-win32-x86_64\bin\jimage.dll
Event: 0.428 Loaded shared library c:\Users\abdra\.vscode\extensions\redhat.java-1.41.1-win32-x64\jre\21.0.6-win32-x86_64\bin\verify.dll
Event: 3.468 Loaded shared library C:\Users\abdra\AppData\Roaming\Code\User\globalStorage\redhat.java\1.41.1\config_ss_win\org.eclipse.equinox.launcher\org.eclipse.equinox.launcher.win32.win32.x86_64_1.2.1300.v20250331-1702\eclipse_11911.dll
Event: 6.921 Loaded shared library C:\Users\abdra\AppData\Local\Temp\jna-92600786\jna17198511063926182388.dll

Deoptimization events (20 events):
Event: 7.380 Thread 0x000002386d1cf730 DEOPT PACKING pc=0x0000023822a8324c sp=0x000000ffdbaef8a0
Event: 7.380 Thread 0x000002386d1cf730 DEOPT UNPACKING pc=0x0000023822433aa2 sp=0x000000ffdbaef848 mode 2
Event: 7.380 Thread 0x000002386d1cf730 Uncommon trap: trap_request=0xffffffde fr.pc=0x0000023822a8324c relative=0x00000000000003ec
Event: 7.380 Thread 0x000002386d1cf730 Uncommon trap: reason=class_check action=maybe_recompile pc=0x0000023822a8324c method=java.util.regex.Pattern$BmpCharPropertyGreedy.match(Ljava/util/regex/Matcher;ILjava/lang/CharSequence;)Z @ 70 c2
Event: 7.380 Thread 0x000002386d1cf730 DEOPT PACKING pc=0x0000023822a8324c sp=0x000000ffdbaef720
Event: 7.380 Thread 0x000002386d1cf730 DEOPT UNPACKING pc=0x0000023822433aa2 sp=0x000000ffdbaef6c8 mode 2
Event: 8.086 Thread 0x000002386d1cf730 Uncommon trap: trap_request=0xffffff6e fr.pc=0x0000023822aabd7c relative=0x0000000000000b7c
Event: 8.087 Thread 0x000002386d1cf730 Uncommon trap: reason=loop_limit_check action=maybe_recompile pc=0x0000023822aabd7c method=java.util.regex.Pattern$StartS.match(Ljava/util/regex/Matcher;ILjava/lang/CharSequence;)Z @ 34 c2
Event: 8.087 Thread 0x000002386d1cf730 DEOPT PACKING pc=0x0000023822aabd7c sp=0x000000ffdbaeedd0
Event: 8.087 Thread 0x000002386d1cf730 DEOPT UNPACKING pc=0x0000023822433aa2 sp=0x000000ffdbaeed40 mode 2
Event: 8.089 Thread 0x000002386d1cf730 Uncommon trap: trap_request=0xffffff45 fr.pc=0x0000023822aaa484 relative=0x0000000000000164
Event: 8.089 Thread 0x000002386d1cf730 Uncommon trap: reason=unstable_if action=reinterpret pc=0x0000023822aaa484 method=org.lombokweb.asm.ByteVector.putByteArray([BII)Lorg/lombokweb/asm/ByteVector; @ 20 c2
Event: 8.089 Thread 0x000002386d1cf730 DEOPT PACKING pc=0x0000023822aaa484 sp=0x000000ffdbaeedc0
Event: 8.089 Thread 0x000002386d1cf730 DEOPT UNPACKING pc=0x0000023822433aa2 sp=0x000000ffdbaeed90 mode 2
Event: 8.089 Thread 0x000002386d1cf730 Uncommon trap: trap_request=0xffffff45 fr.pc=0x0000023822aaab58 relative=0x0000000000000398
Event: 8.089 Thread 0x000002386d1cf730 Uncommon trap: reason=unstable_if action=reinterpret pc=0x0000023822aaab58 method=org.lombokweb.asm.Label.resolve([BLorg/lombokweb/asm/ByteVector;I)Z @ 81 c2
Event: 8.089 Thread 0x000002386d1cf730 DEOPT PACKING pc=0x0000023822aaab58 sp=0x000000ffdbaeee50
Event: 8.089 Thread 0x000002386d1cf730 DEOPT UNPACKING pc=0x0000023822433aa2 sp=0x000000ffdbaeed58 mode 2
Event: 8.625 Thread 0x000002386d1cf730 DEOPT PACKING pc=0x000002381b046d39 sp=0x000000ffdbaf8160
Event: 8.625 Thread 0x000002386d1cf730 DEOPT UNPACKING pc=0x0000023822434242 sp=0x000000ffdbaf7660 mode 0

Classes loaded (20 events):
Event: 7.422 Loading class java/util/zip/GZIPInputStream
Event: 7.422 Loading class java/util/zip/GZIPInputStream done
Event: 7.431 Loading class java/net/SocketTimeoutException
Event: 7.431 Loading class java/io/InterruptedIOException
Event: 7.431 Loading class java/io/InterruptedIOException done
Event: 7.431 Loading class java/net/SocketTimeoutException done
Event: 7.431 Loading class java/net/SocketException
Event: 7.431 Loading class java/net/SocketException done
Event: 7.431 Loading class java/net/UnknownHostException
Event: 7.432 Loading class java/net/UnknownHostException done
Event: 7.432 Loading class java/net/ProtocolException
Event: 7.432 Loading class java/net/ProtocolException done
Event: 7.477 Loading class java/lang/ThreadLocal$SuppliedThreadLocal
Event: 7.478 Loading class java/lang/ThreadLocal$SuppliedThreadLocal done
Event: 7.494 Loading class java/io/FileWriter
Event: 7.495 Loading class java/io/FileWriter done
Event: 7.497 Loading class java/lang/NegativeArraySizeException
Event: 7.498 Loading class java/lang/NegativeArraySizeException done
Event: 8.591 Loading class org/w3c/dom/DOMException
Event: 8.591 Loading class org/w3c/dom/DOMException done

Classes unloaded (7 events):
Event: 8.250 Thread 0x000002386d1a24a0 Unloading class 0x000002382d186c00 'java/lang/invoke/LambdaForm$MH+0x000002382d186c00'
Event: 8.250 Thread 0x000002386d1a24a0 Unloading class 0x000002382d186800 'java/lang/invoke/LambdaForm$MH+0x000002382d186800'
Event: 8.250 Thread 0x000002386d1a24a0 Unloading class 0x000002382d186400 'java/lang/invoke/LambdaForm$MH+0x000002382d186400'
Event: 8.250 Thread 0x000002386d1a24a0 Unloading class 0x000002382d186000 'java/lang/invoke/LambdaForm$MH+0x000002382d186000'
Event: 8.250 Thread 0x000002386d1a24a0 Unloading class 0x000002382d185c00 'java/lang/invoke/LambdaForm$BMH+0x000002382d185c00'
Event: 8.250 Thread 0x000002386d1a24a0 Unloading class 0x000002382d185800 'java/lang/invoke/LambdaForm$DMH+0x000002382d185800'
Event: 8.250 Thread 0x000002386d1a24a0 Unloading class 0x000002382d184400 'java/lang/invoke/LambdaForm$DMH+0x000002382d184400'

Classes redefined (0 events):
No events

Internal exceptions (20 events):
Event: 6.592 Thread 0x000002386d1cf730 Exception <a 'java/lang/NoSuchMethodError'{0x00000000ebbb75b8}: 'java.lang.Object java.lang.invoke.DirectMethodHandle$Holder.invokeStaticInit(java.lang.Object, int, int, int, int)'> (0x00000000ebbb75b8) 
thrown [s\src\hotspot\share\interpreter\linkResolver.cpp, line 773]
Event: 6.671 Thread 0x000002386d1cf730 Exception <a 'java/lang/NoSuchMethodError'{0x00000000ebc773b0}: 'java.lang.Object java.lang.invoke.DirectMethodHandle$Holder.invokeStaticInit(java.lang.Object, java.lang.Object, int, int, int, int)'> (0x00000000ebc773b0) 
thrown [s\src\hotspot\share\interpreter\linkResolver.cpp, line 773]
Event: 6.974 Thread 0x000002386d1cf730 Exception <a 'java/lang/NoSuchMethodError'{0x00000000ebd79b98}: 'void java.lang.invoke.DirectMethodHandle$Holder.invokeSpecial(java.lang.Object, java.lang.Object, java.lang.Object, int)'> (0x00000000ebd79b98) 
thrown [s\src\hotspot\share\interpreter\linkResolver.cpp, line 773]
Event: 6.975 Thread 0x000002386d1cf730 Exception <a 'java/lang/NoSuchMethodError'{0x00000000ebd7d778}: 'void java.lang.invoke.DelegatingMethodHandle$Holder.reinvoke_L(java.lang.Object, java.lang.Object, int)'> (0x00000000ebd7d778) 
thrown [s\src\hotspot\share\interpreter\linkResolver.cpp, line 773]
Event: 6.976 Thread 0x000002386d1cf730 Exception <a 'java/lang/NoSuchMethodError'{0x00000000ebd844b0}: 'int java.lang.invoke.Invokers$Holder.invokeExact_MT(java.lang.Object, java.lang.Object, java.lang.Object)'> (0x00000000ebd844b0) 
thrown [s\src\hotspot\share\interpreter\linkResolver.cpp, line 773]
Event: 7.027 Thread 0x000002386d1cf730 Exception <a 'java/lang/NoSuchMethodError'{0x00000000ebe93340}: 'void java.lang.invoke.Invokers$Holder.invokeExact_MT(java.lang.Object, java.lang.Object, int, java.lang.Object)'> (0x00000000ebe93340) 
thrown [s\src\hotspot\share\interpreter\linkResolver.cpp, line 773]
Event: 7.112 Thread 0x000002386d1cf730 Exception <a 'java/lang/NoSuchMethodError'{0x00000000ebf89170}: 'java.lang.Object java.lang.invoke.DirectMethodHandle$Holder.invokeSpecial(java.lang.Object, java.lang.Object, java.lang.Object, long, java.lang.Object)'> (0x00000000ebf89170) 
thrown [s\src\hotspot\share\interpreter\linkResolver.cpp, line 773]
Event: 7.113 Thread 0x000002386d1cf730 Exception <a 'java/lang/NoSuchMethodError'{0x00000000ebf90900}: 'java.lang.Object java.lang.invoke.DirectMethodHandle$Holder.newInvokeSpecial(java.lang.Object, java.lang.Object, java.lang.Object, long)'> (0x00000000ebf90900) 
thrown [s\src\hotspot\share\interpreter\linkResolver.cpp, line 773]
Event: 7.114 Thread 0x000002386d1cf730 Exception <a 'java/lang/NoSuchMethodError'{0x00000000ebf94580}: 'java.lang.Object java.lang.invoke.Invokers$Holder.linkToTargetMethod(java.lang.Object, java.lang.Object, long, java.lang.Object)'> (0x00000000ebf94580) 
thrown [s\src\hotspot\share\interpreter\linkResolver.cpp, line 773]
Event: 7.132 Thread 0x000002386d1cf730 Exception <a 'java/lang/NoSuchMethodError'{0x00000000ebfecfe0}: 'int java.lang.invoke.DirectMethodHandle$Holder.invokeStaticInit(java.lang.Object, java.lang.Object, java.lang.Object)'> (0x00000000ebfecfe0) 
thrown [s\src\hotspot\share\interpreter\linkResolver.cpp, line 773]
Event: 7.155 Thread 0x000002386d1cf730 Exception <a 'java/lang/IncompatibleClassChangeError'{0x00000000ec088cb8}: Found class java.lang.Object, but interface was expected> (0x00000000ec088cb8) 
thrown [s\src\hotspot\share\interpreter\linkResolver.cpp, line 840]
Event: 7.163 Thread 0x000002386d1cf730 Exception <a 'java/lang/NoSuchMethodError'{0x00000000ec09f6e0}: 'java.lang.Object java.lang.invoke.DirectMethodHandle$Holder.invokeSpecial(java.lang.Object, java.lang.Object, java.lang.Object, int, java.lang.Object, java.lang.Object)'> (0x00000000ec09f6e0) 
thrown [s\src\hotspot\share\interpreter\linkResolver.cpp, line 773]
Event: 7.164 Thread 0x000002386d1cf730 Exception <a 'java/lang/NoSuchMethodError'{0x00000000ec0a6f78}: 'java.lang.Object java.lang.invoke.DirectMethodHandle$Holder.newInvokeSpecial(java.lang.Object, java.lang.Object, java.lang.Object, int, java.lang.Object)'> (0x00000000ec0a6f78) 
thrown [s\src\hotspot\share\interpreter\linkResolver.cpp, line 773]
Event: 7.165 Thread 0x000002386d1cf730 Exception <a 'java/lang/NoSuchMethodError'{0x00000000ec0aaa68}: 'java.lang.Object java.lang.invoke.Invokers$Holder.linkToTargetMethod(java.lang.Object, java.lang.Object, int, java.lang.Object, java.lang.Object)'> (0x00000000ec0aaa68) 
thrown [s\src\hotspot\share\interpreter\linkResolver.cpp, line 773]
Event: 7.167 Thread 0x0000023873c6c9b0 Exception <a 'java/lang/NoSuchMethodError'{0x00000000ec0098c8}: 'java.lang.Object java.lang.invoke.DirectMethodHandle$Holder.invokeSpecial(java.lang.Object, java.lang.Object, int, java.lang.Object, java.lang.Object)'> (0x00000000ec0098c8) 
thrown [s\src\hotspot\share\interpreter\linkResolver.cpp, line 773]
Event: 7.170 Thread 0x0000023873c6c9b0 Exception <a 'java/lang/NoSuchMethodError'{0x00000000ec010600}: 'java.lang.Object java.lang.invoke.DirectMethodHandle$Holder.newInvokeSpecial(java.lang.Object, java.lang.Object, int, java.lang.Object)'> (0x00000000ec010600) 
thrown [s\src\hotspot\share\interpreter\linkResolver.cpp, line 773]
Event: 7.215 Thread 0x000002386d1cf730 Exception <a 'java/lang/NoSuchMethodError'{0x00000000ec1b00b8}: 'void java.lang.invoke.DirectMethodHandle$Holder.invokeSpecial(java.lang.Object, java.lang.Object, java.lang.Object, java.lang.Object, java.lang.Object)'> (0x00000000ec1b00b8) 
thrown [s\src\hotspot\share\interpreter\linkResolver.cpp, line 773]
Event: 7.327 Thread 0x000002386d1cf730 Exception <a 'java/lang/NoSuchMethodError'{0x00000000ec396998}: 'double java.lang.invoke.DirectMethodHandle$Holder.invokeStatic(java.lang.Object, java.lang.Object)'> (0x00000000ec396998) 
thrown [s\src\hotspot\share\interpreter\linkResolver.cpp, line 773]
Event: 7.328 Thread 0x000002386d1cf730 Exception <a 'java/lang/NoSuchMethodError'{0x00000000ec39a058}: 'double java.lang.invoke.DirectMethodHandle$Holder.invokeStaticInit(java.lang.Object, java.lang.Object)'> (0x00000000ec39a058) 
thrown [s\src\hotspot\share\interpreter\linkResolver.cpp, line 773]
Event: 8.089 Thread 0x000002386d1cf730 Implicit null exception at 0x0000023822aaa375 to 0x0000023822aaa468

ZGC Phase Switch (0 events):
No events

VM Operations (20 events):
Event: 5.836 Executing VM operation: HandshakeAllThreads (Deoptimize)
Event: 5.836 Executing VM operation: HandshakeAllThreads (Deoptimize) done
Event: 5.846 Executing VM operation: HandshakeAllThreads (Deoptimize)
Event: 5.846 Executing VM operation: HandshakeAllThreads (Deoptimize) done
Event: 5.880 Executing VM operation: HandshakeAllThreads (Deoptimize)
Event: 5.880 Executing VM operation: HandshakeAllThreads (Deoptimize) done
Event: 6.392 Executing VM operation: HandshakeAllThreads (Deoptimize)
Event: 6.392 Executing VM operation: HandshakeAllThreads (Deoptimize) done
Event: 6.392 Executing VM operation: Cleanup
Event: 6.392 Executing VM operation: Cleanup done
Event: 6.665 Executing VM operation: HandshakeAllThreads (Deoptimize)
Event: 6.665 Executing VM operation: HandshakeAllThreads (Deoptimize) done
Event: 6.941 Executing VM operation: HandshakeAllThreads (Deoptimize)
Event: 6.941 Executing VM operation: HandshakeAllThreads (Deoptimize) done
Event: 7.339 Executing VM operation: ParallelGCFailedAllocation (Allocation Failure)
Event: 7.348 Executing VM operation: ParallelGCFailedAllocation (Allocation Failure) done
Event: 7.935 Executing VM operation: ParallelGCFailedAllocation (Allocation Failure)
Event: 7.943 Executing VM operation: ParallelGCFailedAllocation (Allocation Failure) done
Event: 8.234 Executing VM operation: CollectForMetadataAllocation (Metadata GC Threshold)
Event: 8.299 Executing VM operation: CollectForMetadataAllocation (Metadata GC Threshold) done

Memory protections (0 events):
No events

Nmethod flushes (0 events):
No events

Events (20 events):
Event: 2.980 Thread 0x0000023817cbb880 Thread added: 0x000002386d1d1170
Event: 3.432 Thread 0x0000023817cbb880 Thread added: 0x000002386d1cf0a0
Event: 3.445 Thread 0x0000023817cbb880 Thread added: 0x000002386d1cf730
Event: 3.534 Thread 0x000002386d1cf730 Thread added: 0x000002386d1cfdc0
Event: 3.748 Thread 0x00000238733d5aa0 Thread exited: 0x00000238733d5aa0
Event: 3.813 Thread 0x000002386d1cf730 Thread added: 0x000002386d1d0450
Event: 4.006 Thread 0x00000238733d5400 Thread exited: 0x00000238733d5400
Event: 4.285 Thread 0x000002386d1e22b0 Thread added: 0x00000238733d5400
Event: 5.286 Thread 0x000002386d1cf730 Thread added: 0x000002386d1d0ae0
Event: 5.354 Thread 0x00000238733d5400 Thread exited: 0x00000238733d5400
Event: 5.923 Thread 0x000002386d1e2a00 Thread added: 0x0000023873f5f6f0
Event: 6.048 Thread 0x0000023873f5f6f0 Thread exited: 0x0000023873f5f6f0
Event: 6.211 Thread 0x000002386d1e2a00 Thread added: 0x000002387317d380
Event: 6.395 Thread 0x000002387317d380 Thread exited: 0x000002387317d380
Event: 6.997 Thread 0x000002386d1cf730 Thread added: 0x0000023873c6e3f0
Event: 7.122 Thread 0x000002386d1cf730 Thread added: 0x0000023873c6c9b0
Event: 7.169 Thread 0x000002386d1cf730 Thread added: 0x0000023873c6d6d0
Event: 7.578 Thread 0x000002386d1e2a00 Thread added: 0x0000023873589ff0
Event: 7.731 Thread 0x0000023873589ff0 Thread exited: 0x0000023873589ff0
Event: 8.675 Thread 0x000002386d1e2a00 Thread added: 0x0000023873f26860


Dynamic libraries:
0x00007ff6ab910000 - 0x00007ff6ab91e000 	c:\Users\abdra\.vscode\extensions\redhat.java-1.41.1-win32-x64\jre\21.0.6-win32-x86_64\bin\java.exe
0x00007ffce8aa0000 - 0x00007ffce8d00000 	C:\WINDOWS\SYSTEM32\ntdll.dll
0x00007ffce7ed0000 - 0x00007ffce7f97000 	C:\WINDOWS\System32\KERNEL32.DLL
0x00007ffce6140000 - 0x00007ffce650a000 	C:\WINDOWS\System32\KERNELBASE.dll
0x00007ffce5c80000 - 0x00007ffce5dcb000 	C:\WINDOWS\System32\ucrtbase.dll
0x00007ffcde650000 - 0x00007ffcde668000 	c:\Users\abdra\.vscode\extensions\redhat.java-1.41.1-win32-x64\jre\21.0.6-win32-x86_64\bin\jli.dll
0x00007ffccf1c0000 - 0x00007ffccf1de000 	c:\Users\abdra\.vscode\extensions\redhat.java-1.41.1-win32-x64\jre\21.0.6-win32-x86_64\bin\VCRUNTIME140.dll
0x00007ffccf460000 - 0x00007ffccf6f7000 	C:\WINDOWS\WinSxS\amd64_microsoft.windows.common-controls_6595b64144ccf1df_6.0.26100.3624_none_3e086962e3345f24\COMCTL32.dll
0x00007ffce8540000 - 0x00007ffce870c000 	C:\WINDOWS\System32\USER32.dll
0x00007ffce6c30000 - 0x00007ffce6cd9000 	C:\WINDOWS\System32\msvcrt.dll
0x00007ffce5f10000 - 0x00007ffce5f37000 	C:\WINDOWS\System32\win32u.dll
0x00007ffce6ce0000 - 0x00007ffce6d0a000 	C:\WINDOWS\System32\GDI32.dll
0x00007ffce5dd0000 - 0x00007ffce5f01000 	C:\WINDOWS\System32\gdi32full.dll
0x00007ffce6510000 - 0x00007ffce65b3000 	C:\WINDOWS\System32\msvcp_win.dll
0x00007ffce7bf0000 - 0x00007ffce7c1f000 	C:\WINDOWS\System32\IMM32.DLL
0x00007ffcde960000 - 0x00007ffcde96c000 	c:\Users\abdra\.vscode\extensions\redhat.java-1.41.1-win32-x64\jre\21.0.6-win32-x86_64\bin\vcruntime140_1.dll
0x00007ffcbfd80000 - 0x00007ffcbfe0d000 	c:\Users\abdra\.vscode\extensions\redhat.java-1.41.1-win32-x64\jre\21.0.6-win32-x86_64\bin\msvcp140.dll
0x00007ffca1900000 - 0x00007ffca2690000 	c:\Users\abdra\.vscode\extensions\redhat.java-1.41.1-win32-x64\jre\21.0.6-win32-x86_64\bin\server\jvm.dll
0x00007ffce6ac0000 - 0x00007ffce6b72000 	C:\WINDOWS\System32\ADVAPI32.dll
0x00007ffce6b80000 - 0x00007ffce6c26000 	C:\WINDOWS\System32\sechost.dll
0x00007ffce8940000 - 0x00007ffce8a56000 	C:\WINDOWS\System32\RPCRT4.dll
0x00007ffce84c0000 - 0x00007ffce8534000 	C:\WINDOWS\System32\WS2_32.dll
0x00007ffce54b0000 - 0x00007ffce550e000 	C:\WINDOWS\SYSTEM32\POWRPROF.dll
0x00007ffcd8330000 - 0x00007ffcd833b000 	C:\WINDOWS\SYSTEM32\VERSION.dll
0x00007ffccb800000 - 0x00007ffccb836000 	C:\WINDOWS\SYSTEM32\WINMM.dll
0x00007ffce5490000 - 0x00007ffce54a4000 	C:\WINDOWS\SYSTEM32\UMPDC.dll
0x00007ffce4a50000 - 0x00007ffce4a6a000 	C:\WINDOWS\SYSTEM32\kernel.appcore.dll
0x00007ffcde910000 - 0x00007ffcde91a000 	c:\Users\abdra\.vscode\extensions\redhat.java-1.41.1-win32-x64\jre\21.0.6-win32-x86_64\bin\jimage.dll
0x00007ffce3590000 - 0x00007ffce37d1000 	C:\WINDOWS\SYSTEM32\DBGHELP.DLL
0x00007ffce6fd0000 - 0x00007ffce7352000 	C:\WINDOWS\System32\combase.dll
0x00007ffce6d10000 - 0x00007ffce6de6000 	C:\WINDOWS\System32\OLEAUT32.dll
0x00007ffcde890000 - 0x00007ffcde8c9000 	C:\WINDOWS\SYSTEM32\dbgcore.DLL
0x00007ffce6680000 - 0x00007ffce6719000 	C:\WINDOWS\System32\bcryptPrimitives.dll
0x00007ffcde740000 - 0x00007ffcde74f000 	c:\Users\abdra\.vscode\extensions\redhat.java-1.41.1-win32-x64\jre\21.0.6-win32-x86_64\bin\instrument.dll
0x00007ffccf130000 - 0x00007ffccf14f000 	c:\Users\abdra\.vscode\extensions\redhat.java-1.41.1-win32-x64\jre\21.0.6-win32-x86_64\bin\java.dll
0x00007ffce7460000 - 0x00007ffce7b89000 	C:\WINDOWS\System32\SHELL32.dll
0x00007ffce5fd0000 - 0x00007ffce6138000 	C:\WINDOWS\System32\wintypes.dll
0x00007ffce38e0000 - 0x00007ffce4132000 	C:\WINDOWS\SYSTEM32\windows.storage.dll
0x00007ffce8780000 - 0x00007ffce886d000 	C:\WINDOWS\System32\SHCORE.dll
0x00007ffce8710000 - 0x00007ffce8774000 	C:\WINDOWS\System32\shlwapi.dll
0x00007ffce5b90000 - 0x00007ffce5bbf000 	C:\WINDOWS\SYSTEM32\profapi.dll
0x00007ffcce280000 - 0x00007ffcce298000 	c:\Users\abdra\.vscode\extensions\redhat.java-1.41.1-win32-x64\jre\21.0.6-win32-x86_64\bin\zip.dll
0x00007ffcde640000 - 0x00007ffcde650000 	C:\Users\abdra\.vscode\extensions\redhat.java-1.41.1-win32-x64\jre\21.0.6-win32-x86_64\bin\net.dll
0x00007ffcddf20000 - 0x00007ffcde03d000 	C:\WINDOWS\SYSTEM32\WINHTTP.dll
0x00007ffce4f50000 - 0x00007ffce4fba000 	C:\WINDOWS\system32\mswsock.dll
0x00007ffcccda0000 - 0x00007ffcccdb6000 	C:\Users\abdra\.vscode\extensions\redhat.java-1.41.1-win32-x64\jre\21.0.6-win32-x86_64\bin\nio.dll
0x00007ffcde590000 - 0x00007ffcde5a0000 	c:\Users\abdra\.vscode\extensions\redhat.java-1.41.1-win32-x64\jre\21.0.6-win32-x86_64\bin\verify.dll
0x00007ffcbfd30000 - 0x00007ffcbfd75000 	C:\Users\abdra\AppData\Roaming\Code\User\globalStorage\redhat.java\1.41.1\config_ss_win\org.eclipse.equinox.launcher\org.eclipse.equinox.launcher.win32.win32.x86_64_1.2.1300.v20250331-1702\eclipse_11911.dll
0x00007ffce7d30000 - 0x00007ffce7ec6000 	C:\WINDOWS\System32\ole32.dll
0x00007ffce5300000 - 0x00007ffce531c000 	C:\WINDOWS\SYSTEM32\CRYPTSP.dll
0x00007ffce49b0000 - 0x00007ffce49ea000 	C:\WINDOWS\system32\rsaenh.dll
0x00007ffce4ff0000 - 0x00007ffce501b000 	C:\WINDOWS\SYSTEM32\USERENV.dll
0x00007ffce5b60000 - 0x00007ffce5b86000 	C:\WINDOWS\SYSTEM32\bcrypt.dll
0x00007ffce5180000 - 0x00007ffce518c000 	C:\WINDOWS\SYSTEM32\CRYPTBASE.dll
0x00007ffce4460000 - 0x00007ffce4493000 	C:\WINDOWS\SYSTEM32\IPHLPAPI.DLL
0x00007ffce8870000 - 0x00007ffce887a000 	C:\WINDOWS\System32\NSI.dll
0x00007ffcbdeb0000 - 0x00007ffcbdef9000 	C:\Users\abdra\AppData\Local\Temp\jna-92600786\jna17198511063926182388.dll
0x00007ffce88b0000 - 0x00007ffce88b8000 	C:\WINDOWS\System32\PSAPI.DLL

dbghelp: loaded successfully - version: 4.0.5 - missing functions: none
symbol engine: initialized successfully - sym options: 0x614 - pdb path: .;c:\Users\abdra\.vscode\extensions\redhat.java-1.41.1-win32-x64\jre\21.0.6-win32-x86_64\bin;C:\WINDOWS\SYSTEM32;C:\WINDOWS\WinSxS\amd64_microsoft.windows.common-controls_6595b64144ccf1df_6.0.26100.3624_none_3e086962e3345f24;c:\Users\abdra\.vscode\extensions\redhat.java-1.41.1-win32-x64\jre\21.0.6-win32-x86_64\bin\server;C:\Users\abdra\AppData\Roaming\Code\User\globalStorage\redhat.java\1.41.1\config_ss_win\org.eclipse.equinox.launcher\org.eclipse.equinox.launcher.win32.win32.x86_64_1.2.1300.v20250331-1702;C:\Users\abdra\AppData\Local\Temp\jna-92600786

VM Arguments:
jvm_args: --add-modules=ALL-SYSTEM --add-opens=java.base/java.util=ALL-UNNAMED --add-opens=java.base/java.lang=ALL-UNNAMED --add-opens=java.base/sun.nio.fs=ALL-UNNAMED -Declipse.application=org.eclipse.jdt.ls.core.id1 -Dosgi.bundles.defaultStartLevel=4 -Declipse.product=org.eclipse.jdt.ls.core.product -Djava.import.generatesMetadataFilesAtProjectRoot=false -DDetectVMInstallationsJob.disabled=true -Dfile.encoding=utf8 -XX:+UseParallelGC -XX:GCTimeRatio=4 -XX:AdaptiveSizePolicyWeight=90 -Dsun.zip.disableMemoryMapping=true -Xmx1G -Xms100m -Xlog:disable -javaagent:c:\Users\abdra\.vscode\extensions\redhat.java-1.41.1-win32-x64\lombok\lombok-1.18.36.jar 
java_command: c:\Users\abdra\.vscode\extensions\redhat.java-1.41.1-win32-x64\server\plugins\org.eclipse.equinox.launcher_1.7.0.v20250331-1702.jar -configuration c:\Users\abdra\AppData\Roaming\Code\User\globalStorage\redhat.java\1.41.1\config_ss_win -data c:\Users\abdra\AppData\Roaming\Code\User\workspaceStorage\fbae156283cfc20593ebfa85e2b12815\redhat.java\ss_ws --pipe=\\.\pipe\lsp-458d2805caac5132f030e2afe8e66fd8-sock
java_class_path (initial): c:\Users\abdra\.vscode\extensions\redhat.java-1.41.1-win32-x64\server\plugins\org.eclipse.equinox.launcher_1.7.0.v20250331-1702.jar
Launcher Type: SUN_STANDARD

[Global flags]
    uintx AdaptiveSizePolicyWeight                 = 90                                        {product} {command line}
     intx CICompilerCount                          = 4                                         {product} {ergonomic}
    uintx GCTimeRatio                              = 4                                         {product} {command line}
   size_t InitialHeapSize                          = 104857600                                 {product} {command line}
   size_t MaxHeapSize                              = 1073741824                                {product} {command line}
   size_t MaxNewSize                               = 357564416                                 {product} {ergonomic}
   size_t MinHeapDeltaBytes                        = 524288                                    {product} {ergonomic}
   size_t MinHeapSize                              = 104857600                                 {product} {command line}
   size_t NewSize                                  = 34603008                                  {product} {ergonomic}
    uintx NonNMethodCodeHeapSize                   = 5839372                                {pd product} {ergonomic}
    uintx NonProfiledCodeHeapSize                  = 122909434                              {pd product} {ergonomic}
   size_t OldSize                                  = 70254592                                  {product} {ergonomic}
    uintx ProfiledCodeHeapSize                     = 122909434                              {pd product} {ergonomic}
    uintx ReservedCodeCacheSize                    = 251658240                              {pd product} {ergonomic}
     bool SegmentedCodeCache                       = true                                      {product} {ergonomic}
   size_t SoftMaxHeapSize                          = 1073741824                             {manageable} {ergonomic}
     bool UseCompressedOops                        = true                           {product lp64_product} {ergonomic}
     bool UseLargePagesIndividualAllocation        = false                                  {pd product} {ergonomic}
     bool UseParallelGC                            = true                                      {product} {command line}

Logging:
Log output configuration:
 #0: stdout all=off uptime,level,tags foldmultilines=false
 #1: stderr all=off uptime,level,tags foldmultilines=false

Environment Variables:
PATH=C:\WINDOWS\system32;C:\WINDOWS;C:\WINDOWS\System32\Wbem;C:\WINDOWS\System32\WindowsPowerShell\v1.0\;C:\WINDOWS\System32\OpenSSH\;C:\xampp\php;C:\composer;D:\jdk\apache-maven-3.9.9-bin\apache-maven-3.9.9\bin;C:\Users\abdra\Downloads\jdk-21_windows-x64_bin\jdk-21.0.6\bin;C:\Users\abdra\AppData\Local\Programs\Python\Python313\Scripts\;C:\Users\abdra\AppData\Local\Programs\Python\Python313\;C:\xampp;C:\Users\abdra\AppData\Local\Programs\Microsoft VS Code\bin;C:\Users\abdra\AppData\Roaming\Composer\vendor\bin;C:\Users\abdra\AppData\Local\Programs\MiKTeX\miktex\bin\x64\;C:\Users\abdra\AppData\Local\Microsoft\WindowsApps;C:\Users\abdra\AppData\Local\Android\Sdk\cmdline-tools\latest\bin;C:\Users\abdra\AppData\Local\Android\Sdk\platform-tools;C:\Users\abdra\AppData\Local\Android\Sdk\tools\bin;
USERNAME=abdra
OS=Windows_NT
PROCESSOR_IDENTIFIER=Intel64 Family 6 Model 142 Stepping 12, GenuineIntel
TMP=C:\Users\abdra\AppData\Local\Temp
TEMP=C:\Users\abdra\AppData\Local\Temp




Periodic native trim disabled

---------------  S Y S T E M  ---------------

OS:
 Windows 11 , 64 bit Build 26100 (10.0.26100.3775)
OS uptime: 0 days 4:46 hours
Hyper-V role detected

CPU: total 8 (initial active 8) (4 cores per cpu, 2 threads per core) family 6 model 142 stepping 12 microcode 0xde, cx8, cmov, fxsr, ht, mmx, 3dnowpref, sse, sse2, sse3, ssse3, sse4.1, sse4.2, popcnt, lzcnt, tsc, tscinvbit, avx, avx2, aes, erms, clmul, bmi1, bmi2, adx, fma, vzeroupper, clflush, clflushopt, hv, rdtscp, f16c
Processor Information for the first 8 processors :
  Max Mhz: 1800, Current Mhz: 1600, Mhz Limit: 1584

Memory: 4k page, system-wide physical 7999M (543M free)
TotalPageFile size 13963M (AvailPageFile size 3M)
current process WorkingSet (physical memory assigned to process): 147M, peak: 147M
current process commit charge ("private bytes"): 245M, peak: 245M

vm_info: OpenJDK 64-Bit Server VM (21.0.6+7-LTS) for windows-amd64 JRE (21.0.6+7-LTS), built on 2025-01-21T00:00:00Z by "admin" with MS VC++ 17.7 (VS2022)

END.
