#
# There is insufficient memory for the Java Runtime Environment to continue.
# Native memory allocation (malloc) failed to allocate 32744 bytes. Error detail: Chunk::new
# Possible reasons:
#   The system is out of physical RAM or swap space
#   This process is running with CompressedOops enabled, and the Java Heap may be blocking the growth of the native heap
# Possible solutions:
#   Reduce memory load on the system
#   Increase physical memory or swap space
#   Check if swap backing store is full
#   Decrease Java heap size (-Xmx/-Xms)
#   Decrease number of Java threads
#   Decrease Java thread stack sizes (-Xss)
#   Set larger code cache with -XX:ReservedCodeCacheSize=
#   JVM is running with Unscaled Compressed Oops mode in which the Java heap is
#     placed in the first 4GB address space. The Java Heap base address is the
#     maximum limit for the native heap growth. Please use -XX:HeapBaseMinAddress
#     to set the Java Heap base and to place the Java Heap above 4GB virtual address.
# This output file may be truncated or incomplete.
#
#  Out of Memory Error (arena.cpp:168), pid=12388, tid=15232
#
# JRE version: OpenJDK Runtime Environment Temurin-21.0.6+7 (21.0.6+7) (build 21.0.6+7-LTS)
# Java VM: OpenJDK 64-Bit Server VM Temurin-21.0.6+7 (21.0.6+7-LTS, mixed mode, sharing, tiered, compressed oops, compressed class ptrs, parallel gc, windows-amd64)
# No core dump will be written. Minidumps are not enabled by default on client versions of Windows
#

---------------  S U M M A R Y ------------

Command Line: --add-modules=ALL-SYSTEM --add-opens=java.base/java.util=ALL-UNNAMED --add-opens=java.base/java.lang=ALL-UNNAMED --add-opens=java.base/sun.nio.fs=ALL-UNNAMED -Declipse.application=org.eclipse.jdt.ls.core.id1 -Dosgi.bundles.defaultStartLevel=4 -Declipse.product=org.eclipse.jdt.ls.core.product -Djava.import.generatesMetadataFilesAtProjectRoot=false -DDetectVMInstallationsJob.disabled=true -Dfile.encoding=utf8 -XX:+UseParallelGC -XX:GCTimeRatio=4 -XX:AdaptiveSizePolicyWeight=90 -Dsun.zip.disableMemoryMapping=true -Xmx1G -Xms100m -Xlog:disable -javaagent:c:\Users\abdra\.vscode\extensions\redhat.java-1.41.1-win32-x64\lombok\lombok-1.18.36.jar -XX:+HeapDumpOnOutOfMemoryError -XX:HeapDumpPath=c:\Users\abdra\AppData\Roaming\Code\User\workspaceStorage\fbae156283cfc20593ebfa85e2b12815\redhat.java -Daether.dependencyCollector.impl=bf c:\Users\abdra\.vscode\extensions\redhat.java-1.41.1-win32-x64\server\plugins\org.eclipse.equinox.launcher_1.7.0.v20250331-1702.jar -configuration c:\Users\abdra\AppData\Roaming\Code\User\globalStorage\redhat.java\1.41.1\config_win -data c:\Users\abdra\AppData\Roaming\Code\User\workspaceStorage\fbae156283cfc20593ebfa85e2b12815\redhat.java\jdt_ws --pipe=\\.\pipe\lsp-08fda36764571050dc1f354a484e47fe-sock

Host: Intel(R) Core(TM) i5-8265U CPU @ 1.60GHz, 8 cores, 7G,  Windows 11 , 64 bit Build 26100 (10.0.26100.3775)
Time: Thu May  1 16:48:53 2025 Afr. centrale Ouest elapsed time: 8.339284 seconds (0d 0h 0m 8s)

---------------  T H R E A D  ---------------

Current thread (0x00000229dce36940):  JavaThread "C2 CompilerThread0" daemon [_thread_in_native, id=15232, stack(0x00000066f5900000,0x00000066f5a00000) (1024K)]


Current CompileTask:
C2:8339 3242       4       java.lang.invoke.MethodType::makeImpl (109 bytes)

Stack: [0x00000066f5900000,0x00000066f5a00000]
Native frames: (J=compiled Java code, j=interpreted, Vv=VM code, C=native code)
V  [jvm.dll+0x6cdee9]
V  [jvm.dll+0x8a83d1]
V  [jvm.dll+0x8aa8fe]
V  [jvm.dll+0x8aafe3]
V  [jvm.dll+0x27f706]
V  [jvm.dll+0xc500d]
V  [jvm.dll+0xc5543]
V  [jvm.dll+0x2feb09]
V  [jvm.dll+0x2fc7af]
V  [jvm.dll+0x2fd648]
V  [jvm.dll+0x2fe1ba]
V  [jvm.dll+0x24914f]
V  [jvm.dll+0x246ec4]
V  [jvm.dll+0x1c75ee]
V  [jvm.dll+0x25685a]
V  [jvm.dll+0x254dfa]
V  [jvm.dll+0x3f0256]
V  [jvm.dll+0x851f8b]
V  [jvm.dll+0x6cc5ed]
C  [ucrtbase.dll+0x37b0]
C  [KERNEL32.DLL+0x2e8d7]
C  [ntdll.dll+0xb14fc]


---------------  P R O C E S S  ---------------

Threads class SMR info:
_java_thread_list=0x00000229e3151c20, length=22, elements={
0x00000229c8a6d370, 0x00000229dce1be50, 0x00000229dce1de60, 0x00000229dce2add0,
0x00000229dce2bdd0, 0x00000229dce2e310, 0x00000229dce33650, 0x00000229dce36940,
0x00000229dce48320, 0x00000229c8ad8590, 0x00000229deb1e9f0, 0x00000229e32ad400,
0x00000229e3a6ef20, 0x00000229e3897070, 0x00000229e3880090, 0x00000229e3b1cb70,
0x00000229e40bc080, 0x00000229e39ba550, 0x00000229e3948820, 0x00000229e3947470,
0x00000229e3948190, 0x00000229e3948eb0
}

Java Threads: ( => current thread )
  0x00000229c8a6d370 JavaThread "main"                              [_thread_blocked, id=4908, stack(0x00000066f4f00000,0x00000066f5000000) (1024K)]
  0x00000229dce1be50 JavaThread "Reference Handler"          daemon [_thread_blocked, id=10912, stack(0x00000066f5300000,0x00000066f5400000) (1024K)]
  0x00000229dce1de60 JavaThread "Finalizer"                  daemon [_thread_blocked, id=14064, stack(0x00000066f5400000,0x00000066f5500000) (1024K)]
  0x00000229dce2add0 JavaThread "Signal Dispatcher"          daemon [_thread_blocked, id=15364, stack(0x00000066f5500000,0x00000066f5600000) (1024K)]
  0x00000229dce2bdd0 JavaThread "Attach Listener"            daemon [_thread_blocked, id=2252, stack(0x00000066f5600000,0x00000066f5700000) (1024K)]
  0x00000229dce2e310 JavaThread "Service Thread"             daemon [_thread_blocked, id=13276, stack(0x00000066f5700000,0x00000066f5800000) (1024K)]
  0x00000229dce33650 JavaThread "Monitor Deflation Thread"   daemon [_thread_blocked, id=14732, stack(0x00000066f5800000,0x00000066f5900000) (1024K)]
=>0x00000229dce36940 JavaThread "C2 CompilerThread0"         daemon [_thread_in_native, id=15232, stack(0x00000066f5900000,0x00000066f5a00000) (1024K)]
  0x00000229dce48320 JavaThread "C1 CompilerThread0"         daemon [_thread_blocked, id=4388, stack(0x00000066f5a00000,0x00000066f5b00000) (1024K)]
  0x00000229c8ad8590 JavaThread "Common-Cleaner"             daemon [_thread_blocked, id=15440, stack(0x00000066f5b00000,0x00000066f5c00000) (1024K)]
  0x00000229deb1e9f0 JavaThread "Notification Thread"        daemon [_thread_blocked, id=13148, stack(0x00000066f5c00000,0x00000066f5d00000) (1024K)]
  0x00000229e32ad400 JavaThread "Active Thread: Equinox Container: 88c9a872-9a6a-4bf8-be83-3231bcfa4be7"        [_thread_blocked, id=13712, stack(0x00000066f6500000,0x00000066f6600000) (1024K)]
  0x00000229e3a6ef20 JavaThread "Refresh Thread: Equinox Container: 88c9a872-9a6a-4bf8-be83-3231bcfa4be7" daemon [_thread_blocked, id=14164, stack(0x00000066f6600000,0x00000066f6700000) (1024K)]
  0x00000229e3897070 JavaThread "Framework Event Dispatcher: Equinox Container: 88c9a872-9a6a-4bf8-be83-3231bcfa4be7" daemon [_thread_blocked, id=6420, stack(0x00000066f6800000,0x00000066f6900000) (1024K)]
  0x00000229e3880090 JavaThread "Start Level: Equinox Container: 88c9a872-9a6a-4bf8-be83-3231bcfa4be7" daemon [_thread_in_vm, id=4732, stack(0x00000066f6900000,0x00000066f6a00000) (1024K)]
  0x00000229e3b1cb70 JavaThread "Bundle File Closer"         daemon [_thread_blocked, id=9656, stack(0x00000066f6a00000,0x00000066f6b00000) (1024K)]
  0x00000229e40bc080 JavaThread "SCR Component Actor"        daemon [_thread_blocked, id=13232, stack(0x00000066f6b00000,0x00000066f6c00000) (1024K)]
  0x00000229e39ba550 JavaThread "SCR Component Registry"     daemon [_thread_blocked, id=10704, stack(0x00000066f6300000,0x00000066f6400000) (1024K)]
  0x00000229e3948820 JavaThread "Worker-JM"                         [_thread_blocked, id=14092, stack(0x00000066f6c00000,0x00000066f6d00000) (1024K)]
  0x00000229e3947470 JavaThread "JNA Cleaner"                daemon [_thread_blocked, id=9808, stack(0x00000066f6400000,0x00000066f6500000) (1024K)]
  0x00000229e3948190 JavaThread "Worker-0: Checking project encoding"        [_thread_blocked, id=15668, stack(0x00000066f6d00000,0x00000066f6e00000) (1024K)]
  0x00000229e3948eb0 JavaThread "Worker-1"                          [_thread_blocked, id=3248, stack(0x00000066f6e00000,0x00000066f6f00000) (1024K)]
Total: 22

Other Threads:
  0x00000229dce02650 VMThread "VM Thread"                           [id=14960, stack(0x00000066f5200000,0x00000066f5300000) (1024K)]
  0x00000229dcd3ca00 WatcherThread "VM Periodic Task Thread"        [id=13844, stack(0x00000066f5100000,0x00000066f5200000) (1024K)]
  0x00000229c8a8ad00 WorkerThread "GC Thread#0"                     [id=2716, stack(0x00000066f5000000,0x00000066f5100000) (1024K)]
  0x00000229e34828f0 WorkerThread "GC Thread#1"                     [id=8664, stack(0x00000066f5d00000,0x00000066f5e00000) (1024K)]
  0x00000229e34d46b0 WorkerThread "GC Thread#2"                     [id=2796, stack(0x00000066f5e00000,0x00000066f5f00000) (1024K)]
  0x00000229e3920590 WorkerThread "GC Thread#3"                     [id=15824, stack(0x00000066f5f00000,0x00000066f6000000) (1024K)]
  0x00000229e3920930 WorkerThread "GC Thread#4"                     [id=13104, stack(0x00000066f6000000,0x00000066f6100000) (1024K)]
  0x00000229e33543c0 WorkerThread "GC Thread#5"                     [id=15196, stack(0x00000066f6100000,0x00000066f6200000) (1024K)]
  0x00000229e353a520 WorkerThread "GC Thread#6"                     [id=14484, stack(0x00000066f6200000,0x00000066f6300000) (1024K)]
  0x00000229e32c6a80 WorkerThread "GC Thread#7"                     [id=2864, stack(0x00000066f6700000,0x00000066f6800000) (1024K)]
Total: 10

Threads with active compile tasks:
C2 CompilerThread0  8384 3242       4       java.lang.invoke.MethodType::makeImpl (109 bytes)
Total: 1

VM state: not at safepoint (normal execution)

VM Mutex/Monitor currently owned by a thread: None

Heap address: 0x00000000c0000000, size: 1024 MB, Compressed Oops mode: 32-bit

CDS archive(s) mapped at: [0x0000022980000000-0x0000022980ba0000-0x0000022980ba0000), size 12189696, SharedBaseAddress: 0x0000022980000000, ArchiveRelocationMode: 1.
Compressed class space mapped at: 0x0000022981000000-0x00000229c1000000, reserved size: 1073741824
Narrow klass base: 0x0000022980000000, Narrow klass shift: 0, Narrow klass range: 0x100000000

GC Precious Log:
 CardTable entry size: 512
 CPUs: 8 total, 8 available
 Memory: 7999M
 Large Page Support: Disabled
 NUMA Support: Disabled
 Compressed Oops: Enabled (32-bit)
 Alignments: Space 512K, Generation 512K, Heap 2M
 Heap Min Capacity: 100M
 Heap Initial Capacity: 100M
 Heap Max Capacity: 1G
 Pre-touch: Disabled
 Parallel Workers: 8

Heap:
 PSYoungGen      total 29184K, used 10425K [0x00000000eab00000, 0x00000000ece80000, 0x0000000100000000)
  eden space 25088K, 25% used [0x00000000eab00000,0x00000000eb133888,0x00000000ec380000)
  from space 4096K, 99% used [0x00000000ec400000,0x00000000ec7faf50,0x00000000ec800000)
  to   space 5632K, 0% used [0x00000000ec900000,0x00000000ec900000,0x00000000ece80000)
 ParOldGen       total 68608K, used 7929K [0x00000000c0000000, 0x00000000c4300000, 0x00000000eab00000)
  object space 68608K, 11% used [0x00000000c0000000,0x00000000c07be738,0x00000000c4300000)
 Metaspace       used 17186K, committed 17856K, reserved 1114112K
  class space    used 1722K, committed 1984K, reserved 1048576K

Card table byte_map: [0x00000229c8410000,0x00000229c8620000] _byte_map_base: 0x00000229c7e10000

Marking Bits: (ParMarkBitMap*) 0x00007ffca25b3260
 Begin Bits: [0x00000229dac60000, 0x00000229dbc60000)
 End Bits:   [0x00000229dbc60000, 0x00000229dcc60000)

Polling page: 0x00000229c69e0000

Metaspace:

Usage:
  Non-class:     15.10 MB used.
      Class:      1.68 MB used.
       Both:     16.78 MB used.

Virtual space:
  Non-class space:       64.00 MB reserved,      15.50 MB ( 24%) committed,  1 nodes.
      Class space:        1.00 GB reserved,       1.94 MB ( <1%) committed,  1 nodes.
             Both:        1.06 GB reserved,      17.44 MB (  2%) committed. 

Chunk freelists:
   Non-Class:  544.00 KB
       Class:  14.09 MB
        Both:  14.62 MB

MaxMetaspaceSize: unlimited
CompressedClassSpaceSize: 1.00 GB
Initial GC threshold: 21.00 MB
Current GC threshold: 21.00 MB
CDS: on
 - commit_granule_bytes: 65536.
 - commit_granule_words: 8192.
 - virtual_space_node_default_size: 8388608.
 - enlarge_chunks_in_place: 1.
 - use_allocation_guard: 0.


Internal statistics:

num_allocs_failed_limit: 0.
num_arena_births: 524.
num_arena_deaths: 0.
num_vsnodes_births: 2.
num_vsnodes_deaths: 0.
num_space_committed: 279.
num_space_uncommitted: 0.
num_chunks_returned_to_freelist: 0.
num_chunks_taken_from_freelist: 1128.
num_chunk_merges: 0.
num_chunk_splits: 727.
num_chunks_enlarged: 476.
num_inconsistent_stats: 0.

CodeHeap 'non-profiled nmethods': size=120000Kb used=1467Kb max_used=1467Kb free=118532Kb
 bounds [0x00000229d3730000, 0x00000229d39a0000, 0x00000229dac60000]
CodeHeap 'profiled nmethods': size=120000Kb used=6738Kb max_used=6738Kb free=113261Kb
 bounds [0x00000229cbc60000, 0x00000229cc300000, 0x00000229d3190000]
CodeHeap 'non-nmethods': size=5760Kb used=1273Kb max_used=1295Kb free=4486Kb
 bounds [0x00000229d3190000, 0x00000229d3400000, 0x00000229d3730000]
 total_blobs=3839 nmethods=3288 adapters=457
 compilation: enabled
              stopped_count=0, restarted_count=0
 full_count=0

Compilation events (20 events):
Event: 8.310 Thread 0x00000229dce48320 3280       3       jdk.internal.org.objectweb.asm.AnnotationWriter::putAnnotations (110 bytes)
Event: 8.311 Thread 0x00000229dce48320 nmethod 3280 0x00000229cc2ef910 code [0x00000229cc2efb20, 0x00000229cc2eff40]
Event: 8.311 Thread 0x00000229dce48320 3281       3       jdk.internal.org.objectweb.asm.SymbolTable::putBootstrapMethods (56 bytes)
Event: 8.311 Thread 0x00000229dce48320 nmethod 3281 0x00000229cc2f0210 code [0x00000229cc2f0420, 0x00000229cc2f0740]
Event: 8.311 Thread 0x00000229dce48320 3282       3       java.lang.invoke.MethodHandles$Lookup$ClassFile::<init> (20 bytes)
Event: 8.312 Thread 0x00000229dce48320 nmethod 3282 0x00000229cc2f0910 code [0x00000229cc2f0ac0, 0x00000229cc2f0c60]
Event: 8.312 Thread 0x00000229dce48320 3283       3       java.lang.invoke.MethodHandles$Lookup$ClassDefiner::<init> (64 bytes)
Event: 8.312 Thread 0x00000229dce48320 nmethod 3283 0x00000229cc2f0d10 code [0x00000229cc2f0ec0, 0x00000229cc2f1098]
Event: 8.312 Thread 0x00000229dce48320 3284   !   3       java.lang.invoke.MethodHandles$Lookup$ClassDefiner::defineClass (213 bytes)
Event: 8.314 Thread 0x00000229dce48320 nmethod 3284 0x00000229cc2f1190 code [0x00000229cc2f1400, 0x00000229cc2f1d58]
Event: 8.314 Thread 0x00000229dce48320 3285       3       java.lang.System$2::defineClass (21 bytes)
Event: 8.314 Thread 0x00000229dce48320 nmethod 3285 0x00000229cc2f2210 code [0x00000229cc2f23c0, 0x00000229cc2f2538]
Event: 8.314 Thread 0x00000229dce48320 3286       3       java.lang.invoke.MethodHandles$Lookup$ClassFile::newInstanceNoCheck (11 bytes)
Event: 8.314 Thread 0x00000229dce48320 nmethod 3286 0x00000229cc2f2610 code [0x00000229cc2f27c0, 0x00000229cc2f29f8]
Event: 8.314 Thread 0x00000229dce48320 3287       3       java.lang.invoke.MethodHandles$Lookup::makeHiddenClassDefiner (20 bytes)
Event: 8.315 Thread 0x00000229dce48320 nmethod 3287 0x00000229cc2f2b10 code [0x00000229cc2f2ce0, 0x00000229cc2f2fe8]
Event: 8.315 Thread 0x00000229dce48320 3290       3       jdk.internal.org.objectweb.asm.FieldWriter::computeFieldInfoSize (86 bytes)
Event: 8.315 Thread 0x00000229dce48320 nmethod 3290 0x00000229cc2f3190 code [0x00000229cc2f3380, 0x00000229cc2f3660]
Event: 8.316 Thread 0x00000229dce48320 3293       3       jdk.internal.org.objectweb.asm.FieldWriter::putFieldInfo (269 bytes)
Event: 8.318 Thread 0x00000229dce48320 nmethod 3293 0x00000229cc2f3790 code [0x00000229cc2f3a20, 0x00000229cc2f4310]

GC Heap History (10 events):
Event: 2.238 GC heap before
{Heap before GC invocations=1 (full 0):
 PSYoungGen      total 29696K, used 25600K [0x00000000eab00000, 0x00000000ecc00000, 0x0000000100000000)
  eden space 25600K, 100% used [0x00000000eab00000,0x00000000ec400000,0x00000000ec400000)
  from space 4096K, 0% used [0x00000000ec800000,0x00000000ec800000,0x00000000ecc00000)
  to   space 4096K, 0% used [0x00000000ec400000,0x00000000ec400000,0x00000000ec800000)
 ParOldGen       total 68608K, used 0K [0x00000000c0000000, 0x00000000c4300000, 0x00000000eab00000)
  object space 68608K, 0% used [0x00000000c0000000,0x00000000c0000000,0x00000000c4300000)
 Metaspace       used 4347K, committed 4544K, reserved 1114112K
  class space    used 437K, committed 512K, reserved 1048576K
}
Event: 2.255 GC heap after
{Heap after GC invocations=1 (full 0):
 PSYoungGen      total 29696K, used 3205K [0x00000000eab00000, 0x00000000ecc00000, 0x0000000100000000)
  eden space 25600K, 0% used [0x00000000eab00000,0x00000000eab00000,0x00000000ec400000)
  from space 4096K, 78% used [0x00000000ec400000,0x00000000ec7217f0,0x00000000ec800000)
  to   space 4096K, 0% used [0x00000000ec800000,0x00000000ec800000,0x00000000ecc00000)
 ParOldGen       total 68608K, used 16K [0x00000000c0000000, 0x00000000c4300000, 0x00000000eab00000)
  object space 68608K, 0% used [0x00000000c0000000,0x00000000c0004000,0x00000000c4300000)
 Metaspace       used 4347K, committed 4544K, reserved 1114112K
  class space    used 437K, committed 512K, reserved 1048576K
}
Event: 3.813 GC heap before
{Heap before GC invocations=2 (full 0):
 PSYoungGen      total 29696K, used 28805K [0x00000000eab00000, 0x00000000ecc00000, 0x0000000100000000)
  eden space 25600K, 100% used [0x00000000eab00000,0x00000000ec400000,0x00000000ec400000)
  from space 4096K, 78% used [0x00000000ec400000,0x00000000ec7217f0,0x00000000ec800000)
  to   space 4096K, 0% used [0x00000000ec800000,0x00000000ec800000,0x00000000ecc00000)
 ParOldGen       total 68608K, used 16K [0x00000000c0000000, 0x00000000c4300000, 0x00000000eab00000)
  object space 68608K, 0% used [0x00000000c0000000,0x00000000c0004000,0x00000000c4300000)
 Metaspace       used 8047K, committed 8384K, reserved 1114112K
  class space    used 794K, committed 960K, reserved 1048576K
}
Event: 3.823 GC heap after
{Heap after GC invocations=2 (full 0):
 PSYoungGen      total 29696K, used 4084K [0x00000000eab00000, 0x00000000ecc00000, 0x0000000100000000)
  eden space 25600K, 0% used [0x00000000eab00000,0x00000000eab00000,0x00000000ec400000)
  from space 4096K, 99% used [0x00000000ec800000,0x00000000ecbfd168,0x00000000ecc00000)
  to   space 4096K, 0% used [0x00000000ec400000,0x00000000ec400000,0x00000000ec800000)
 ParOldGen       total 68608K, used 1711K [0x00000000c0000000, 0x00000000c4300000, 0x00000000eab00000)
  object space 68608K, 2% used [0x00000000c0000000,0x00000000c01abf30,0x00000000c4300000)
 Metaspace       used 8047K, committed 8384K, reserved 1114112K
  class space    used 794K, committed 960K, reserved 1048576K
}
Event: 4.942 GC heap before
{Heap before GC invocations=3 (full 0):
 PSYoungGen      total 29696K, used 29684K [0x00000000eab00000, 0x00000000ecc00000, 0x0000000100000000)
  eden space 25600K, 100% used [0x00000000eab00000,0x00000000ec400000,0x00000000ec400000)
  from space 4096K, 99% used [0x00000000ec800000,0x00000000ecbfd168,0x00000000ecc00000)
  to   space 4096K, 0% used [0x00000000ec400000,0x00000000ec400000,0x00000000ec800000)
 ParOldGen       total 68608K, used 1711K [0x00000000c0000000, 0x00000000c4300000, 0x00000000eab00000)
  object space 68608K, 2% used [0x00000000c0000000,0x00000000c01abf30,0x00000000c4300000)
 Metaspace       used 9194K, committed 9536K, reserved 1114112K
  class space    used 919K, committed 1088K, reserved 1048576K
}
Event: 4.953 GC heap after
{Heap after GC invocations=3 (full 0):
 PSYoungGen      total 29696K, used 4076K [0x00000000eab00000, 0x00000000ecc00000, 0x0000000100000000)
  eden space 25600K, 0% used [0x00000000eab00000,0x00000000eab00000,0x00000000ec400000)
  from space 4096K, 99% used [0x00000000ec400000,0x00000000ec7fb0c0,0x00000000ec800000)
  to   space 4096K, 0% used [0x00000000ec800000,0x00000000ec800000,0x00000000ecc00000)
 ParOldGen       total 68608K, used 5735K [0x00000000c0000000, 0x00000000c4300000, 0x00000000eab00000)
  object space 68608K, 8% used [0x00000000c0000000,0x00000000c0599f38,0x00000000c4300000)
 Metaspace       used 9194K, committed 9536K, reserved 1114112K
  class space    used 919K, committed 1088K, reserved 1048576K
}
Event: 6.304 GC heap before
{Heap before GC invocations=4 (full 0):
 PSYoungGen      total 29696K, used 29676K [0x00000000eab00000, 0x00000000ecc00000, 0x0000000100000000)
  eden space 25600K, 100% used [0x00000000eab00000,0x00000000ec400000,0x00000000ec400000)
  from space 4096K, 99% used [0x00000000ec400000,0x00000000ec7fb0c0,0x00000000ec800000)
  to   space 4096K, 0% used [0x00000000ec800000,0x00000000ec800000,0x00000000ecc00000)
 ParOldGen       total 68608K, used 5735K [0x00000000c0000000, 0x00000000c4300000, 0x00000000eab00000)
  object space 68608K, 8% used [0x00000000c0000000,0x00000000c0599f38,0x00000000c4300000)
 Metaspace       used 12329K, committed 12736K, reserved 1114112K
  class space    used 1218K, committed 1344K, reserved 1048576K
}
Event: 6.312 GC heap after
{Heap after GC invocations=4 (full 0):
 PSYoungGen      total 29696K, used 4071K [0x00000000eab00000, 0x00000000ecc00000, 0x0000000100000000)
  eden space 25600K, 0% used [0x00000000eab00000,0x00000000eab00000,0x00000000ec400000)
  from space 4096K, 99% used [0x00000000ec800000,0x00000000ecbf9d70,0x00000000ecc00000)
  to   space 4096K, 0% used [0x00000000ec400000,0x00000000ec400000,0x00000000ec800000)
 ParOldGen       total 68608K, used 6542K [0x00000000c0000000, 0x00000000c4300000, 0x00000000eab00000)
  object space 68608K, 9% used [0x00000000c0000000,0x00000000c0663860,0x00000000c4300000)
 Metaspace       used 12329K, committed 12736K, reserved 1114112K
  class space    used 1218K, committed 1344K, reserved 1048576K
}
Event: 8.087 GC heap before
{Heap before GC invocations=5 (full 0):
 PSYoungGen      total 29696K, used 29671K [0x00000000eab00000, 0x00000000ecc00000, 0x0000000100000000)
  eden space 25600K, 100% used [0x00000000eab00000,0x00000000ec400000,0x00000000ec400000)
  from space 4096K, 99% used [0x00000000ec800000,0x00000000ecbf9d70,0x00000000ecc00000)
  to   space 4096K, 0% used [0x00000000ec400000,0x00000000ec400000,0x00000000ec800000)
 ParOldGen       total 68608K, used 6542K [0x00000000c0000000, 0x00000000c4300000, 0x00000000eab00000)
  object space 68608K, 9% used [0x00000000c0000000,0x00000000c0663860,0x00000000c4300000)
 Metaspace       used 16284K, committed 16832K, reserved 1114112K
  class space    used 1607K, committed 1856K, reserved 1048576K
}
Event: 8.098 GC heap after
{Heap after GC invocations=5 (full 0):
 PSYoungGen      total 29184K, used 4075K [0x00000000eab00000, 0x00000000ece80000, 0x0000000100000000)
  eden space 25088K, 0% used [0x00000000eab00000,0x00000000eab00000,0x00000000ec380000)
  from space 4096K, 99% used [0x00000000ec400000,0x00000000ec7faf50,0x00000000ec800000)
  to   space 5632K, 0% used [0x00000000ec900000,0x00000000ec900000,0x00000000ece80000)
 ParOldGen       total 68608K, used 7929K [0x00000000c0000000, 0x00000000c4300000, 0x00000000eab00000)
  object space 68608K, 11% used [0x00000000c0000000,0x00000000c07be738,0x00000000c4300000)
 Metaspace       used 16284K, committed 16832K, reserved 1114112K
  class space    used 1607K, committed 1856K, reserved 1048576K
}

Dll operation events (10 events):
Event: 0.021 Loaded shared library c:\Users\abdra\.vscode\extensions\redhat.java-1.41.1-win32-x64\jre\21.0.6-win32-x86_64\bin\java.dll
Event: 0.169 Loaded shared library c:\Users\abdra\.vscode\extensions\redhat.java-1.41.1-win32-x64\jre\21.0.6-win32-x86_64\bin\zip.dll
Event: 0.212 Loaded shared library C:\Users\abdra\.vscode\extensions\redhat.java-1.41.1-win32-x64\jre\21.0.6-win32-x86_64\bin\instrument.dll
Event: 0.219 Loaded shared library C:\Users\abdra\.vscode\extensions\redhat.java-1.41.1-win32-x64\jre\21.0.6-win32-x86_64\bin\net.dll
Event: 0.225 Loaded shared library C:\Users\abdra\.vscode\extensions\redhat.java-1.41.1-win32-x64\jre\21.0.6-win32-x86_64\bin\nio.dll
Event: 0.231 Loaded shared library C:\Users\abdra\.vscode\extensions\redhat.java-1.41.1-win32-x64\jre\21.0.6-win32-x86_64\bin\zip.dll
Event: 0.273 Loaded shared library C:\Users\abdra\.vscode\extensions\redhat.java-1.41.1-win32-x64\jre\21.0.6-win32-x86_64\bin\jimage.dll
Event: 0.475 Loaded shared library c:\Users\abdra\.vscode\extensions\redhat.java-1.41.1-win32-x64\jre\21.0.6-win32-x86_64\bin\verify.dll
Event: 3.749 Loaded shared library C:\Users\abdra\AppData\Roaming\Code\User\globalStorage\redhat.java\1.41.1\config_win\org.eclipse.equinox.launcher\org.eclipse.equinox.launcher.win32.win32.x86_64_1.2.1300.v20250331-1702\eclipse_11911.dll
Event: 8.064 Loaded shared library C:\Users\abdra\AppData\Local\Temp\jna-92600786\jna4747702282250066596.dll

Deoptimization events (20 events):
Event: 7.056 Thread 0x00000229e3880090 Uncommon trap: trap_request=0xffffff45 fr.pc=0x00000229d377c078 relative=0x0000000000000fb8
Event: 7.056 Thread 0x00000229e3880090 Uncommon trap: reason=unstable_if action=reinterpret pc=0x00000229d377c078 method=lombok.patcher.PatchScript.classMatches(Ljava/lang/String;Ljava/util/Collection;)Z @ 25 c2
Event: 7.056 Thread 0x00000229e3880090 DEOPT PACKING pc=0x00000229d377c078 sp=0x00000066f69f6f00
Event: 7.056 Thread 0x00000229e3880090 DEOPT UNPACKING pc=0x00000229d31e3aa2 sp=0x00000066f69f6ec0 mode 2
Event: 7.286 Thread 0x00000229e3880090 Uncommon trap: trap_request=0xffffff45 fr.pc=0x00000229d37d2858 relative=0x00000000000000b8
Event: 7.286 Thread 0x00000229e3880090 Uncommon trap: reason=unstable_if action=reinterpret pc=0x00000229d37d2858 method=org.eclipse.osgi.container.ModuleRevisionBuilder.unmodifiableMap(Ljava/util/Map;)Ljava/util/Map; @ 27 c2
Event: 7.286 Thread 0x00000229e3880090 DEOPT PACKING pc=0x00000229d37d2858 sp=0x00000066f69f9ae0
Event: 7.286 Thread 0x00000229e3880090 DEOPT UNPACKING pc=0x00000229d31e3aa2 sp=0x00000066f69f9a60 mode 2
Event: 7.451 Thread 0x00000229e3880090 Uncommon trap: trap_request=0xffffff45 fr.pc=0x00000229d388e1b0 relative=0x0000000000000170
Event: 7.451 Thread 0x00000229e3880090 Uncommon trap: reason=unstable_if action=reinterpret pc=0x00000229d388e1b0 method=java.io.DataInputStream.readFully([BII)V @ 37 c2
Event: 7.451 Thread 0x00000229e3880090 DEOPT PACKING pc=0x00000229d388e1b0 sp=0x00000066f69f9770
Event: 7.451 Thread 0x00000229e3880090 DEOPT UNPACKING pc=0x00000229d31e3aa2 sp=0x00000066f69f9700 mode 2
Event: 7.661 Thread 0x00000229e3880090 Uncommon trap: trap_request=0xffffff45 fr.pc=0x00000229d3765714 relative=0x00000000000006f4
Event: 7.661 Thread 0x00000229e3880090 Uncommon trap: reason=unstable_if action=reinterpret pc=0x00000229d3765714 method=java.lang.String.replace(Ljava/lang/CharSequence;Ljava/lang/CharSequence;)Ljava/lang/String; @ 42 c2
Event: 7.661 Thread 0x00000229e3880090 DEOPT PACKING pc=0x00000229d3765714 sp=0x00000066f69f7870
Event: 7.661 Thread 0x00000229e3880090 DEOPT UNPACKING pc=0x00000229d31e3aa2 sp=0x00000066f69f77f0 mode 2
Event: 8.201 Thread 0x00000229e3880090 Uncommon trap: trap_request=0xffffff45 fr.pc=0x00000229d3884b28 relative=0x0000000000000088
Event: 8.201 Thread 0x00000229e3880090 Uncommon trap: reason=unstable_if action=reinterpret pc=0x00000229d3884b28 method=java.lang.ref.SoftReference.get()Ljava/lang/Object; @ 6 c2
Event: 8.201 Thread 0x00000229e3880090 DEOPT PACKING pc=0x00000229d3884b28 sp=0x00000066f69f99f0
Event: 8.201 Thread 0x00000229e3880090 DEOPT UNPACKING pc=0x00000229d31e3aa2 sp=0x00000066f69f9988 mode 2

Classes loaded (20 events):
Event: 8.106 Loading class java/lang/reflect/UndeclaredThrowableException
Event: 8.106 Loading class java/lang/reflect/UndeclaredThrowableException done
Event: 8.106 Loading class java/lang/Class$AnnotationData
Event: 8.106 Loading class java/lang/Class$AnnotationData done
Event: 8.107 Loading class jdk/internal/reflect/MethodHandleIntegerFieldAccessorImpl
Event: 8.108 Loading class jdk/internal/reflect/MethodHandleIntegerFieldAccessorImpl done
Event: 8.129 Loading class java/io/PrintWriter
Event: 8.129 Loading class java/io/PrintWriter done
Event: 8.141 Loading class jdk/internal/reflect/MethodHandleShortFieldAccessorImpl
Event: 8.142 Loading class jdk/internal/reflect/MethodHandleShortFieldAccessorImpl done
Event: 8.143 Loading class java/lang/Short$ShortCache
Event: 8.144 Loading class java/lang/Short$ShortCache done
Event: 8.183 Loading class java/util/function/LongUnaryOperator
Event: 8.183 Loading class java/util/function/LongUnaryOperator done
Event: 8.184 Loading class java/lang/ThreadDeath
Event: 8.184 Loading class java/lang/ThreadDeath done
Event: 8.206 Loading class java/util/stream/SortedOps$SizedRefSortingSink
Event: 8.207 Loading class java/util/stream/SortedOps$SizedRefSortingSink done
Event: 8.277 Loading class java/util/concurrent/atomic/Striped64$1
Event: 8.277 Loading class java/util/concurrent/atomic/Striped64$1 done

Classes unloaded (0 events):
No events

Classes redefined (0 events):
No events

Internal exceptions (20 events):
Event: 7.263 Thread 0x00000229e3880090 Exception <a 'java/io/FileNotFoundException'{0x00000000ebb9caa0}> (0x00000000ebb9caa0) 
thrown [s\src\hotspot\share\prims\jni.cpp, line 520]
Event: 7.265 Thread 0x00000229e3880090 Exception <a 'java/io/FileNotFoundException'{0x00000000ebbbc7f8}> (0x00000000ebbbc7f8) 
thrown [s\src\hotspot\share\prims\jni.cpp, line 520]
Event: 7.412 Thread 0x00000229e3880090 Exception <a 'java/lang/NoSuchMethodError'{0x00000000ebe81df8}: 'java.lang.Object java.lang.invoke.DirectMethodHandle$Holder.newInvokeSpecial(java.lang.Object, java.lang.Object, java.lang.Object, java.lang.Object, java.lang.Object)'> (0x00000000ebe81df8) 
thrown [s\src\hotspot\share\interpreter\linkResolver.cpp, line 773]
Event: 7.530 Thread 0x00000229e3880090 Exception <a 'java/lang/NoSuchMethodError'{0x00000000ec014ce8}: 'java.lang.Object java.lang.invoke.DirectMethodHandle$Holder.invokeStaticInit(java.lang.Object, int)'> (0x00000000ec014ce8) 
thrown [s\src\hotspot\share\interpreter\linkResolver.cpp, line 773]
Event: 7.672 Thread 0x00000229e3880090 Exception <a 'java/lang/NoSuchMethodError'{0x00000000ec277db0}: 'java.lang.Object java.lang.invoke.DirectMethodHandle$Holder.invokeStaticInit(java.lang.Object, int, int, int, int)'> (0x00000000ec277db0) 
thrown [s\src\hotspot\share\interpreter\linkResolver.cpp, line 773]
Event: 7.744 Thread 0x00000229e3880090 Exception <a 'java/lang/NoSuchMethodError'{0x00000000ec3381f8}: 'java.lang.Object java.lang.invoke.DirectMethodHandle$Holder.invokeStaticInit(java.lang.Object, java.lang.Object, int, int, int, int)'> (0x00000000ec3381f8) 
thrown [s\src\hotspot\share\interpreter\linkResolver.cpp, line 773]
Event: 8.109 Thread 0x00000229e3880090 Exception <a 'java/lang/NoSuchMethodError'{0x00000000eab494e8}: 'void java.lang.invoke.DirectMethodHandle$Holder.invokeSpecial(java.lang.Object, java.lang.Object, java.lang.Object, int)'> (0x00000000eab494e8) 
thrown [s\src\hotspot\share\interpreter\linkResolver.cpp, line 773]
Event: 8.109 Thread 0x00000229e3880090 Exception <a 'java/lang/NoSuchMethodError'{0x00000000eab4ce78}: 'void java.lang.invoke.DelegatingMethodHandle$Holder.reinvoke_L(java.lang.Object, java.lang.Object, int)'> (0x00000000eab4ce78) 
thrown [s\src\hotspot\share\interpreter\linkResolver.cpp, line 773]
Event: 8.111 Thread 0x00000229e3880090 Exception <a 'java/lang/NoSuchMethodError'{0x00000000eab53bb0}: 'int java.lang.invoke.Invokers$Holder.invokeExact_MT(java.lang.Object, java.lang.Object, java.lang.Object)'> (0x00000000eab53bb0) 
thrown [s\src\hotspot\share\interpreter\linkResolver.cpp, line 773]
Event: 8.151 Thread 0x00000229e3880090 Exception <a 'java/lang/NoSuchMethodError'{0x00000000eac9c760}: 'void java.lang.invoke.Invokers$Holder.invokeExact_MT(java.lang.Object, java.lang.Object, int, java.lang.Object)'> (0x00000000eac9c760) 
thrown [s\src\hotspot\share\interpreter\linkResolver.cpp, line 773]
Event: 8.181 Thread 0x00000229e3880090 Exception <a 'java/lang/NoSuchMethodError'{0x00000000eada1bc0}: 'java.lang.Object java.lang.invoke.DirectMethodHandle$Holder.invokeSpecial(java.lang.Object, java.lang.Object, java.lang.Object, long, java.lang.Object)'> (0x00000000eada1bc0) 
thrown [s\src\hotspot\share\interpreter\linkResolver.cpp, line 773]
Event: 8.181 Thread 0x00000229e3880090 Exception <a 'java/lang/NoSuchMethodError'{0x00000000eada9620}: 'java.lang.Object java.lang.invoke.DirectMethodHandle$Holder.newInvokeSpecial(java.lang.Object, java.lang.Object, java.lang.Object, long)'> (0x00000000eada9620) 
thrown [s\src\hotspot\share\interpreter\linkResolver.cpp, line 773]
Event: 8.182 Thread 0x00000229e3880090 Exception <a 'java/lang/NoSuchMethodError'{0x00000000eadad2a0}: 'java.lang.Object java.lang.invoke.Invokers$Holder.linkToTargetMethod(java.lang.Object, java.lang.Object, long, java.lang.Object)'> (0x00000000eadad2a0) 
thrown [s\src\hotspot\share\interpreter\linkResolver.cpp, line 773]
Event: 8.203 Thread 0x00000229e3880090 Exception <a 'java/lang/NoSuchMethodError'{0x00000000eae34e68}: 'int java.lang.invoke.DirectMethodHandle$Holder.invokeStaticInit(java.lang.Object, java.lang.Object, java.lang.Object)'> (0x00000000eae34e68) 
thrown [s\src\hotspot\share\interpreter\linkResolver.cpp, line 773]
Event: 8.227 Thread 0x00000229e3880090 Exception <a 'java/lang/IncompatibleClassChangeError'{0x00000000eaed3738}: Found class java.lang.Object, but interface was expected> (0x00000000eaed3738) 
thrown [s\src\hotspot\share\interpreter\linkResolver.cpp, line 840]
Event: 8.238 Thread 0x00000229e3880090 Exception <a 'java/lang/NoSuchMethodError'{0x00000000eaeeca28}: 'java.lang.Object java.lang.invoke.DirectMethodHandle$Holder.invokeSpecial(java.lang.Object, java.lang.Object, java.lang.Object, int, java.lang.Object, java.lang.Object)'> (0x00000000eaeeca28) 
thrown [s\src\hotspot\share\interpreter\linkResolver.cpp, line 773]
Event: 8.239 Thread 0x00000229e3880090 Exception <a 'java/lang/NoSuchMethodError'{0x00000000eaef42c0}: 'java.lang.Object java.lang.invoke.DirectMethodHandle$Holder.newInvokeSpecial(java.lang.Object, java.lang.Object, java.lang.Object, int, java.lang.Object)'> (0x00000000eaef42c0) 
thrown [s\src\hotspot\share\interpreter\linkResolver.cpp, line 773]
Event: 8.240 Thread 0x00000229e3880090 Exception <a 'java/lang/NoSuchMethodError'{0x00000000eaef7db0}: 'java.lang.Object java.lang.invoke.Invokers$Holder.linkToTargetMethod(java.lang.Object, java.lang.Object, int, java.lang.Object, java.lang.Object)'> (0x00000000eaef7db0) 
thrown [s\src\hotspot\share\interpreter\linkResolver.cpp, line 773]
Event: 8.243 Thread 0x00000229e3948190 Exception <a 'java/lang/NoSuchMethodError'{0x00000000eae0eb10}: 'java.lang.Object java.lang.invoke.DirectMethodHandle$Holder.invokeSpecial(java.lang.Object, java.lang.Object, int, java.lang.Object, java.lang.Object)'> (0x00000000eae0eb10) 
thrown [s\src\hotspot\share\interpreter\linkResolver.cpp, line 773]
Event: 8.281 Thread 0x00000229e3880090 Exception <a 'java/lang/NoSuchMethodError'{0x00000000eaff9658}: 'void java.lang.invoke.DirectMethodHandle$Holder.invokeSpecial(java.lang.Object, java.lang.Object, java.lang.Object, java.lang.Object, java.lang.Object)'> (0x00000000eaff9658) 
thrown [s\src\hotspot\share\interpreter\linkResolver.cpp, line 773]

ZGC Phase Switch (0 events):
No events

VM Operations (20 events):
Event: 4.941 Executing VM operation: ParallelGCFailedAllocation (Allocation Failure)
Event: 4.953 Executing VM operation: ParallelGCFailedAllocation (Allocation Failure) done
Event: 5.297 Executing VM operation: HandshakeAllThreads (Deoptimize)
Event: 5.297 Executing VM operation: HandshakeAllThreads (Deoptimize) done
Event: 5.558 Executing VM operation: HandshakeAllThreads (Deoptimize)
Event: 5.558 Executing VM operation: HandshakeAllThreads (Deoptimize) done
Event: 6.303 Executing VM operation: ParallelGCFailedAllocation (Allocation Failure)
Event: 6.312 Executing VM operation: ParallelGCFailedAllocation (Allocation Failure) done
Event: 7.290 Executing VM operation: HandshakeAllThreads (Deoptimize)
Event: 7.290 Executing VM operation: HandshakeAllThreads (Deoptimize) done
Event: 7.569 Executing VM operation: HandshakeAllThreads (Deoptimize)
Event: 7.569 Executing VM operation: HandshakeAllThreads (Deoptimize) done
Event: 7.569 Executing VM operation: Cleanup
Event: 7.569 Executing VM operation: Cleanup done
Event: 7.739 Executing VM operation: HandshakeAllThreads (Deoptimize)
Event: 7.739 Executing VM operation: HandshakeAllThreads (Deoptimize) done
Event: 8.081 Executing VM operation: HandshakeAllThreads (Deoptimize)
Event: 8.081 Executing VM operation: HandshakeAllThreads (Deoptimize) done
Event: 8.087 Executing VM operation: ParallelGCFailedAllocation (Allocation Failure)
Event: 8.098 Executing VM operation: ParallelGCFailedAllocation (Allocation Failure) done

Memory protections (0 events):
No events

Nmethod flushes (0 events):
No events

Events (20 events):
Event: 2.168 Thread 0x00000229e3482680 Thread exited: 0x00000229e3482680
Event: 2.704 Thread 0x00000229dce48320 Thread added: 0x00000229e37f3100
Event: 2.706 Thread 0x00000229dce48320 Thread added: 0x00000229e3608900
Event: 3.204 Thread 0x00000229c8a6d370 Thread added: 0x00000229e32ad400
Event: 3.738 Thread 0x00000229c8a6d370 Thread added: 0x00000229e3a6ef20
Event: 3.833 Thread 0x00000229e3a6ef20 Thread added: 0x00000229e3897070
Event: 3.839 Thread 0x00000229c8a6d370 Thread added: 0x00000229e3880090
Event: 3.901 Thread 0x00000229e3608900 Thread exited: 0x00000229e3608900
Event: 4.336 Thread 0x00000229dce48320 Thread added: 0x00000229e39ba550
Event: 4.731 Thread 0x00000229e3880090 Thread added: 0x00000229e3b1cb70
Event: 5.232 Thread 0x00000229e3880090 Thread added: 0x00000229e40bc080
Event: 5.335 Thread 0x00000229e39ba550 Thread exited: 0x00000229e39ba550
Event: 5.366 Thread 0x00000229e37f3100 Thread exited: 0x00000229e37f3100
Event: 5.516 Thread 0x00000229e3880090 Thread added: 0x00000229e39ba550
Event: 6.525 Thread 0x00000229dce48320 Thread added: 0x00000229e33f6b00
Event: 6.793 Thread 0x00000229e3880090 Thread added: 0x00000229e3948820
Event: 6.936 Thread 0x00000229e33f6b00 Thread exited: 0x00000229e33f6b00
Event: 8.121 Thread 0x00000229e3880090 Thread added: 0x00000229e3947470
Event: 8.190 Thread 0x00000229e3880090 Thread added: 0x00000229e3948190
Event: 8.244 Thread 0x00000229e3880090 Thread added: 0x00000229e3948eb0


Dynamic libraries:
0x00007ff6ab910000 - 0x00007ff6ab91e000 	c:\Users\abdra\.vscode\extensions\redhat.java-1.41.1-win32-x64\jre\21.0.6-win32-x86_64\bin\java.exe
0x00007ffce8aa0000 - 0x00007ffce8d00000 	C:\WINDOWS\SYSTEM32\ntdll.dll
0x00007ffce7ed0000 - 0x00007ffce7f97000 	C:\WINDOWS\System32\KERNEL32.DLL
0x00007ffce6140000 - 0x00007ffce650a000 	C:\WINDOWS\System32\KERNELBASE.dll
0x00007ffce5c80000 - 0x00007ffce5dcb000 	C:\WINDOWS\System32\ucrtbase.dll
0x00007ffccf1c0000 - 0x00007ffccf1de000 	c:\Users\abdra\.vscode\extensions\redhat.java-1.41.1-win32-x64\jre\21.0.6-win32-x86_64\bin\VCRUNTIME140.dll
0x00007ffcde650000 - 0x00007ffcde668000 	c:\Users\abdra\.vscode\extensions\redhat.java-1.41.1-win32-x64\jre\21.0.6-win32-x86_64\bin\jli.dll
0x00007ffce8540000 - 0x00007ffce870c000 	C:\WINDOWS\System32\USER32.dll
0x00007ffccf460000 - 0x00007ffccf6f7000 	C:\WINDOWS\WinSxS\amd64_microsoft.windows.common-controls_6595b64144ccf1df_6.0.26100.3624_none_3e086962e3345f24\COMCTL32.dll
0x00007ffce6c30000 - 0x00007ffce6cd9000 	C:\WINDOWS\System32\msvcrt.dll
0x00007ffce5f10000 - 0x00007ffce5f37000 	C:\WINDOWS\System32\win32u.dll
0x00007ffce6ce0000 - 0x00007ffce6d0a000 	C:\WINDOWS\System32\GDI32.dll
0x00007ffce5dd0000 - 0x00007ffce5f01000 	C:\WINDOWS\System32\gdi32full.dll
0x00007ffce6510000 - 0x00007ffce65b3000 	C:\WINDOWS\System32\msvcp_win.dll
0x00007ffce7bf0000 - 0x00007ffce7c1f000 	C:\WINDOWS\System32\IMM32.DLL
0x00007ffcde960000 - 0x00007ffcde96c000 	c:\Users\abdra\.vscode\extensions\redhat.java-1.41.1-win32-x64\jre\21.0.6-win32-x86_64\bin\vcruntime140_1.dll
0x00007ffcbfd80000 - 0x00007ffcbfe0d000 	c:\Users\abdra\.vscode\extensions\redhat.java-1.41.1-win32-x64\jre\21.0.6-win32-x86_64\bin\msvcp140.dll
0x00007ffca1900000 - 0x00007ffca2690000 	c:\Users\abdra\.vscode\extensions\redhat.java-1.41.1-win32-x64\jre\21.0.6-win32-x86_64\bin\server\jvm.dll
0x00007ffce6ac0000 - 0x00007ffce6b72000 	C:\WINDOWS\System32\ADVAPI32.dll
0x00007ffce6b80000 - 0x00007ffce6c26000 	C:\WINDOWS\System32\sechost.dll
0x00007ffce8940000 - 0x00007ffce8a56000 	C:\WINDOWS\System32\RPCRT4.dll
0x00007ffce84c0000 - 0x00007ffce8534000 	C:\WINDOWS\System32\WS2_32.dll
0x00007ffce54b0000 - 0x00007ffce550e000 	C:\WINDOWS\SYSTEM32\POWRPROF.dll
0x00007ffcd8330000 - 0x00007ffcd833b000 	C:\WINDOWS\SYSTEM32\VERSION.dll
0x00007ffccb800000 - 0x00007ffccb836000 	C:\WINDOWS\SYSTEM32\WINMM.dll
0x00007ffce5490000 - 0x00007ffce54a4000 	C:\WINDOWS\SYSTEM32\UMPDC.dll
0x00007ffce4a50000 - 0x00007ffce4a6a000 	C:\WINDOWS\SYSTEM32\kernel.appcore.dll
0x00007ffcde910000 - 0x00007ffcde91a000 	c:\Users\abdra\.vscode\extensions\redhat.java-1.41.1-win32-x64\jre\21.0.6-win32-x86_64\bin\jimage.dll
0x00007ffce3590000 - 0x00007ffce37d1000 	C:\WINDOWS\SYSTEM32\DBGHELP.DLL
0x00007ffce6fd0000 - 0x00007ffce7352000 	C:\WINDOWS\System32\combase.dll
0x00007ffce6d10000 - 0x00007ffce6de6000 	C:\WINDOWS\System32\OLEAUT32.dll
0x00007ffcde890000 - 0x00007ffcde8c9000 	C:\WINDOWS\SYSTEM32\dbgcore.DLL
0x00007ffce6680000 - 0x00007ffce6719000 	C:\WINDOWS\System32\bcryptPrimitives.dll
0x00007ffcde740000 - 0x00007ffcde74f000 	c:\Users\abdra\.vscode\extensions\redhat.java-1.41.1-win32-x64\jre\21.0.6-win32-x86_64\bin\instrument.dll
0x00007ffccf130000 - 0x00007ffccf14f000 	c:\Users\abdra\.vscode\extensions\redhat.java-1.41.1-win32-x64\jre\21.0.6-win32-x86_64\bin\java.dll
0x00007ffce7460000 - 0x00007ffce7b89000 	C:\WINDOWS\System32\SHELL32.dll
0x00007ffce5fd0000 - 0x00007ffce6138000 	C:\WINDOWS\System32\wintypes.dll
0x00007ffce38e0000 - 0x00007ffce4132000 	C:\WINDOWS\SYSTEM32\windows.storage.dll
0x00007ffce8780000 - 0x00007ffce886d000 	C:\WINDOWS\System32\SHCORE.dll
0x00007ffce8710000 - 0x00007ffce8774000 	C:\WINDOWS\System32\shlwapi.dll
0x00007ffce5b90000 - 0x00007ffce5bbf000 	C:\WINDOWS\SYSTEM32\profapi.dll
0x00007ffcce280000 - 0x00007ffcce298000 	c:\Users\abdra\.vscode\extensions\redhat.java-1.41.1-win32-x64\jre\21.0.6-win32-x86_64\bin\zip.dll
0x00007ffcde640000 - 0x00007ffcde650000 	C:\Users\abdra\.vscode\extensions\redhat.java-1.41.1-win32-x64\jre\21.0.6-win32-x86_64\bin\net.dll
0x00007ffcddf20000 - 0x00007ffcde03d000 	C:\WINDOWS\SYSTEM32\WINHTTP.dll
0x00007ffce4f50000 - 0x00007ffce4fba000 	C:\WINDOWS\system32\mswsock.dll
0x00007ffcccda0000 - 0x00007ffcccdb6000 	C:\Users\abdra\.vscode\extensions\redhat.java-1.41.1-win32-x64\jre\21.0.6-win32-x86_64\bin\nio.dll
0x00007ffcde590000 - 0x00007ffcde5a0000 	c:\Users\abdra\.vscode\extensions\redhat.java-1.41.1-win32-x64\jre\21.0.6-win32-x86_64\bin\verify.dll
0x00007ffcbfce0000 - 0x00007ffcbfd25000 	C:\Users\abdra\AppData\Roaming\Code\User\globalStorage\redhat.java\1.41.1\config_win\org.eclipse.equinox.launcher\org.eclipse.equinox.launcher.win32.win32.x86_64_1.2.1300.v20250331-1702\eclipse_11911.dll
0x00007ffce7d30000 - 0x00007ffce7ec6000 	C:\WINDOWS\System32\ole32.dll
0x00007ffce5300000 - 0x00007ffce531c000 	C:\WINDOWS\SYSTEM32\CRYPTSP.dll
0x00007ffce49b0000 - 0x00007ffce49ea000 	C:\WINDOWS\system32\rsaenh.dll
0x00007ffce4ff0000 - 0x00007ffce501b000 	C:\WINDOWS\SYSTEM32\USERENV.dll
0x00007ffce5b60000 - 0x00007ffce5b86000 	C:\WINDOWS\SYSTEM32\bcrypt.dll
0x00007ffce5180000 - 0x00007ffce518c000 	C:\WINDOWS\SYSTEM32\CRYPTBASE.dll
0x00007ffce4460000 - 0x00007ffce4493000 	C:\WINDOWS\SYSTEM32\IPHLPAPI.DLL
0x00007ffce8870000 - 0x00007ffce887a000 	C:\WINDOWS\System32\NSI.dll
0x00007ffcbb8f0000 - 0x00007ffcbb939000 	C:\Users\abdra\AppData\Local\Temp\jna-92600786\jna4747702282250066596.dll
0x00007ffce88b0000 - 0x00007ffce88b8000 	C:\WINDOWS\System32\PSAPI.DLL

dbghelp: loaded successfully - version: 4.0.5 - missing functions: none
symbol engine: initialized successfully - sym options: 0x614 - pdb path: .;c:\Users\abdra\.vscode\extensions\redhat.java-1.41.1-win32-x64\jre\21.0.6-win32-x86_64\bin;C:\WINDOWS\SYSTEM32;C:\WINDOWS\WinSxS\amd64_microsoft.windows.common-controls_6595b64144ccf1df_6.0.26100.3624_none_3e086962e3345f24;c:\Users\abdra\.vscode\extensions\redhat.java-1.41.1-win32-x64\jre\21.0.6-win32-x86_64\bin\server;C:\Users\abdra\AppData\Roaming\Code\User\globalStorage\redhat.java\1.41.1\config_win\org.eclipse.equinox.launcher\org.eclipse.equinox.launcher.win32.win32.x86_64_1.2.1300.v20250331-1702;C:\Users\abdra\AppData\Local\Temp\jna-92600786

VM Arguments:
jvm_args: --add-modules=ALL-SYSTEM --add-opens=java.base/java.util=ALL-UNNAMED --add-opens=java.base/java.lang=ALL-UNNAMED --add-opens=java.base/sun.nio.fs=ALL-UNNAMED -Declipse.application=org.eclipse.jdt.ls.core.id1 -Dosgi.bundles.defaultStartLevel=4 -Declipse.product=org.eclipse.jdt.ls.core.product -Djava.import.generatesMetadataFilesAtProjectRoot=false -DDetectVMInstallationsJob.disabled=true -Dfile.encoding=utf8 -XX:+UseParallelGC -XX:GCTimeRatio=4 -XX:AdaptiveSizePolicyWeight=90 -Dsun.zip.disableMemoryMapping=true -Xmx1G -Xms100m -Xlog:disable -javaagent:c:\Users\abdra\.vscode\extensions\redhat.java-1.41.1-win32-x64\lombok\lombok-1.18.36.jar -XX:+HeapDumpOnOutOfMemoryError -XX:HeapDumpPath=c:\Users\abdra\AppData\Roaming\Code\User\workspaceStorage\fbae156283cfc20593ebfa85e2b12815\redhat.java -Daether.dependencyCollector.impl=bf 
java_command: c:\Users\abdra\.vscode\extensions\redhat.java-1.41.1-win32-x64\server\plugins\org.eclipse.equinox.launcher_1.7.0.v20250331-1702.jar -configuration c:\Users\abdra\AppData\Roaming\Code\User\globalStorage\redhat.java\1.41.1\config_win -data c:\Users\abdra\AppData\Roaming\Code\User\workspaceStorage\fbae156283cfc20593ebfa85e2b12815\redhat.java\jdt_ws --pipe=\\.\pipe\lsp-08fda36764571050dc1f354a484e47fe-sock
java_class_path (initial): c:\Users\abdra\.vscode\extensions\redhat.java-1.41.1-win32-x64\server\plugins\org.eclipse.equinox.launcher_1.7.0.v20250331-1702.jar
Launcher Type: SUN_STANDARD

[Global flags]
    uintx AdaptiveSizePolicyWeight                 = 90                                        {product} {command line}
     intx CICompilerCount                          = 4                                         {product} {ergonomic}
    uintx GCTimeRatio                              = 4                                         {product} {command line}
     bool HeapDumpOnOutOfMemoryError               = true                                   {manageable} {command line}
    ccstr HeapDumpPath                             = c:\Users\abdra\AppData\Roaming\Code\User\workspaceStorage\fbae156283cfc20593ebfa85e2b12815\redhat.java         {manageable} {command line}
   size_t InitialHeapSize                          = 104857600                                 {product} {command line}
   size_t MaxHeapSize                              = 1073741824                                {product} {command line}
   size_t MaxNewSize                               = 357564416                                 {product} {ergonomic}
   size_t MinHeapDeltaBytes                        = 524288                                    {product} {ergonomic}
   size_t MinHeapSize                              = 104857600                                 {product} {command line}
   size_t NewSize                                  = 34603008                                  {product} {ergonomic}
    uintx NonNMethodCodeHeapSize                   = 5839372                                {pd product} {ergonomic}
    uintx NonProfiledCodeHeapSize                  = 122909434                              {pd product} {ergonomic}
   size_t OldSize                                  = 70254592                                  {product} {ergonomic}
    uintx ProfiledCodeHeapSize                     = 122909434                              {pd product} {ergonomic}
    uintx ReservedCodeCacheSize                    = 251658240                              {pd product} {ergonomic}
     bool SegmentedCodeCache                       = true                                      {product} {ergonomic}
   size_t SoftMaxHeapSize                          = 1073741824                             {manageable} {ergonomic}
     bool UseCompressedOops                        = true                           {product lp64_product} {ergonomic}
     bool UseLargePagesIndividualAllocation        = false                                  {pd product} {ergonomic}
     bool UseParallelGC                            = true                                      {product} {command line}

Logging:
Log output configuration:
 #0: stdout all=off uptime,level,tags foldmultilines=false
 #1: stderr all=off uptime,level,tags foldmultilines=false

Environment Variables:
PATH=C:\WINDOWS\system32;C:\WINDOWS;C:\WINDOWS\System32\Wbem;C:\WINDOWS\System32\WindowsPowerShell\v1.0\;C:\WINDOWS\System32\OpenSSH\;C:\xampp\php;C:\composer;D:\jdk\apache-maven-3.9.9-bin\apache-maven-3.9.9\bin;C:\Users\abdra\Downloads\jdk-21_windows-x64_bin\jdk-21.0.6\bin;C:\Users\abdra\AppData\Local\Programs\Python\Python313\Scripts\;C:\Users\abdra\AppData\Local\Programs\Python\Python313\;C:\xampp;C:\Users\abdra\AppData\Local\Programs\Microsoft VS Code\bin;C:\Users\abdra\AppData\Roaming\Composer\vendor\bin;C:\Users\abdra\AppData\Local\Programs\MiKTeX\miktex\bin\x64\;C:\Users\abdra\AppData\Local\Microsoft\WindowsApps;C:\Users\abdra\AppData\Local\Android\Sdk\cmdline-tools\latest\bin;C:\Users\abdra\AppData\Local\Android\Sdk\platform-tools;C:\Users\abdra\AppData\Local\Android\Sdk\tools\bin;
USERNAME=abdra
OS=Windows_NT
PROCESSOR_IDENTIFIER=Intel64 Family 6 Model 142 Stepping 12, GenuineIntel
TMP=C:\Users\abdra\AppData\Local\Temp
TEMP=C:\Users\abdra\AppData\Local\Temp




Periodic native trim disabled

---------------  S Y S T E M  ---------------

OS:
 Windows 11 , 64 bit Build 26100 (10.0.26100.3775)
OS uptime: 0 days 4:46 hours
Hyper-V role detected

CPU: total 8 (initial active 8) (4 cores per cpu, 2 threads per core) family 6 model 142 stepping 12 microcode 0xde, cx8, cmov, fxsr, ht, mmx, 3dnowpref, sse, sse2, sse3, ssse3, sse4.1, sse4.2, popcnt, lzcnt, tsc, tscinvbit, avx, avx2, aes, erms, clmul, bmi1, bmi2, adx, fma, vzeroupper, clflush, clflushopt, hv, rdtscp, f16c
Processor Information for the first 8 processors :
  Max Mhz: 1800, Current Mhz: 1600, Mhz Limit: 1584

Memory: 4k page, system-wide physical 7999M (542M free)
TotalPageFile size 13963M (AvailPageFile size 5M)
current process WorkingSet (physical memory assigned to process): 127M, peak: 127M
current process commit charge ("private bytes"): 231M, peak: 231M

vm_info: OpenJDK 64-Bit Server VM (21.0.6+7-LTS) for windows-amd64 JRE (21.0.6+7-LTS), built on 2025-01-21T00:00:00Z by "admin" with MS VC++ 17.7 (VS2022)

END.
